{"C:\\Users\\ACER\\Downloads\\Group08-Ex-TKPM\\backend\\src\\models\\class.model.ts": {"path":"C:\\Users\\ACER\\Downloads\\Group08-Ex-TKPM\\backend\\src\\models\\class.model.ts","statementMap":{"0":{"start":{"line":1,"column":0},"end":{"line":1,"column":41}},"1":{"start":{"line":4,"column":22},"end":{"line":4,"column":29}},"2":{"start":{"line":5,"column":24},"end":{"line":5,"column":33}},"3":{"start":{"line":7,"column":23},"end":{"line":50,"column":2}},"4":{"start":{"line":40,"column":5},"end":{"line":40,"column":38}},"5":{"start":{"line":52,"column":20},"end":{"line":103,"column":2}},"6":{"start":{"line":86,"column":4},"end":{"line":86,"column":32}},"7":{"start":{"line":105,"column":0},"end":{"line":105,"column":57}}},"fnMap":{"0":{"name":"(anonymous_0)","decl":{"start":{"line":39,"column":15},"end":{"line":39,"column":42}},"loc":{"start":{"line":39,"column":55},"end":{"line":41,"column":5}}},"1":{"name":"(anonymous_1)","decl":{"start":{"line":85,"column":14},"end":{"line":85,"column":24}},"loc":{"start":{"line":85,"column":46},"end":{"line":87,"column":4}}}},"branchMap":{},"s":{"0":1,"1":1,"2":1,"3":1,"4":0,"5":1,"6":0,"7":1},"f":{"0":0,"1":0},"b":{}}
,"C:\\Users\\ACER\\Downloads\\Group08-Ex-TKPM\\backend\\src\\models\\course.model.ts": {"path":"C:\\Users\\ACER\\Downloads\\Group08-Ex-TKPM\\backend\\src\\models\\course.model.ts","statementMap":{"0":{"start":{"line":1,"column":0},"end":{"line":1,"column":41}},"1":{"start":{"line":4,"column":22},"end":{"line":4,"column":30}},"2":{"start":{"line":5,"column":24},"end":{"line":5,"column":33}},"3":{"start":{"line":7,"column":21},"end":{"line":48,"column":2}},"4":{"start":{"line":50,"column":0},"end":{"line":50,"column":59}}},"fnMap":{},"branchMap":{},"s":{"0":1,"1":1,"2":1,"3":1,"4":1},"f":{},"b":{}}
,"C:\\Users\\ACER\\Downloads\\Group08-Ex-TKPM\\backend\\src\\models\\enrollment.model.ts": {"path":"C:\\Users\\ACER\\Downloads\\Group08-Ex-TKPM\\backend\\src\\models\\enrollment.model.ts","statementMap":{"0":{"start":{"line":1,"column":0},"end":{"line":1,"column":41}},"1":{"start":{"line":2,"column":0},"end":{"line":2,"column":82}},"2":{"start":{"line":4,"column":22},"end":{"line":4,"column":34}},"3":{"start":{"line":5,"column":24},"end":{"line":5,"column":37}},"4":{"start":{"line":7,"column":25},"end":{"line":36,"column":2}},"5":{"start":{"line":38,"column":0},"end":{"line":38,"column":67}}},"fnMap":{},"branchMap":{},"s":{"0":1,"1":1,"2":1,"3":1,"4":1,"5":1},"f":{},"b":{}}
,"C:\\Users\\ACER\\Downloads\\Group08-Ex-TKPM\\backend\\src\\models\\grade.model.ts": {"path":"C:\\Users\\ACER\\Downloads\\Group08-Ex-TKPM\\backend\\src\\models\\grade.model.ts","statementMap":{"0":{"start":{"line":1,"column":0},"end":{"line":1,"column":41}},"1":{"start":{"line":4,"column":22},"end":{"line":4,"column":29}},"2":{"start":{"line":5,"column":24},"end":{"line":5,"column":32}},"3":{"start":{"line":7,"column":20},"end":{"line":40,"column":2}},"4":{"start":{"line":42,"column":0},"end":{"line":42,"column":57}}},"fnMap":{},"branchMap":{},"s":{"0":1,"1":1,"2":1,"3":1,"4":1},"f":{},"b":{}}
,"C:\\Users\\ACER\\Downloads\\Group08-Ex-TKPM\\backend\\src\\models\\student.model.ts": {"path":"C:\\Users\\ACER\\Downloads\\Group08-Ex-TKPM\\backend\\src\\models\\student.model.ts","statementMap":{"0":{"start":{"line":1,"column":0},"end":{"line":1,"column":41}},"1":{"start":{"line":2,"column":0},"end":{"line":2,"column":66}},"2":{"start":{"line":3,"column":0},"end":{"line":3,"column":66}},"3":{"start":{"line":5,"column":22},"end":{"line":5,"column":31}},"4":{"start":{"line":6,"column":24},"end":{"line":6,"column":34}},"5":{"start":{"line":8,"column":22},"end":{"line":84,"column":2}},"6":{"start":{"line":87,"column":0},"end":{"line":90,"column":2}},"7":{"start":{"line":93,"column":0},"end":{"line":105,"column":2}},"8":{"start":{"line":107,"column":0},"end":{"line":107,"column":42}},"9":{"start":{"line":109,"column":0},"end":{"line":109,"column":61}}},"fnMap":{},"branchMap":{},"s":{"0":1,"1":1,"2":1,"3":1,"4":1,"5":1,"6":1,"7":1,"8":1,"9":1},"f":{},"b":{}}
,"C:\\Users\\ACER\\Downloads\\Group08-Ex-TKPM\\backend\\src\\models\\studentStatus.model.ts": {"path":"C:\\Users\\ACER\\Downloads\\Group08-Ex-TKPM\\backend\\src\\models\\studentStatus.model.ts","statementMap":{"0":{"start":{"line":1,"column":0},"end":{"line":1,"column":41}},"1":{"start":{"line":4,"column":22},"end":{"line":4,"column":37}},"2":{"start":{"line":5,"column":24},"end":{"line":5,"column":39}},"3":{"start":{"line":7,"column":28},"end":{"line":17,"column":2}},"4":{"start":{"line":19,"column":0},"end":{"line":19,"column":73}}},"fnMap":{},"branchMap":{},"s":{"0":1,"1":1,"2":1,"3":1,"4":1},"f":{},"b":{}}
,"C:\\Users\\ACER\\Downloads\\Group08-Ex-TKPM\\backend\\src\\models\\studentStatusTransition.model.ts": {"path":"C:\\Users\\ACER\\Downloads\\Group08-Ex-TKPM\\backend\\src\\models\\studentStatusTransition.model.ts","statementMap":{"0":{"start":{"line":1,"column":0},"end":{"line":1,"column":41}},"1":{"start":{"line":4,"column":22},"end":{"line":4,"column":47}},"2":{"start":{"line":5,"column":24},"end":{"line":5,"column":50}},"3":{"start":{"line":7,"column":38},"end":{"line":21,"column":2}},"4":{"start":{"line":23,"column":0},"end":{"line":23,"column":93}}},"fnMap":{},"branchMap":{},"s":{"0":1,"1":1,"2":1,"3":1,"4":1},"f":{},"b":{}}
,"C:\\Users\\ACER\\Downloads\\Group08-Ex-TKPM\\backend\\src\\models\\hooks\\student.hook.ts": {"path":"C:\\Users\\ACER\\Downloads\\Group08-Ex-TKPM\\backend\\src\\models\\hooks\\student.hook.ts","statementMap":{"0":{"start":{"line":3,"column":0},"end":{"line":3,"column":51}},"1":{"start":{"line":5,"column":42},"end":{"line":41,"column":1}},"2":{"start":{"line":7,"column":1},"end":{"line":11,"column":4}},"3":{"start":{"line":9,"column":2},"end":{"line":9,"column":60}},"4":{"start":{"line":10,"column":2},"end":{"line":10,"column":9}},"5":{"start":{"line":14,"column":1},"end":{"line":20,"column":4}},"6":{"start":{"line":15,"column":20},"end":{"line":15,"column":42}},"7":{"start":{"line":16,"column":2},"end":{"line":19,"column":5}},"8":{"start":{"line":23,"column":1},"end":{"line":30,"column":4}},"9":{"start":{"line":24,"column":2},"end":{"line":29,"column":3}},"10":{"start":{"line":25,"column":3},"end":{"line":28,"column":6}},"11":{"start":{"line":33,"column":1},"end":{"line":40,"column":4}},"12":{"start":{"line":34,"column":2},"end":{"line":39,"column":3}},"13":{"start":{"line":35,"column":3},"end":{"line":38,"column":6}},"14":{"start":{"line":5,"column":13},"end":{"line":5,"column":42}},"15":{"start":{"line":43,"column":48},"end":{"line":79,"column":1}},"16":{"start":{"line":45,"column":1},"end":{"line":49,"column":4}},"17":{"start":{"line":47,"column":2},"end":{"line":47,"column":60}},"18":{"start":{"line":48,"column":2},"end":{"line":48,"column":9}},"19":{"start":{"line":52,"column":1},"end":{"line":58,"column":4}},"20":{"start":{"line":53,"column":20},"end":{"line":53,"column":42}},"21":{"start":{"line":54,"column":2},"end":{"line":57,"column":5}},"22":{"start":{"line":61,"column":1},"end":{"line":68,"column":4}},"23":{"start":{"line":62,"column":2},"end":{"line":67,"column":3}},"24":{"start":{"line":63,"column":3},"end":{"line":66,"column":6}},"25":{"start":{"line":71,"column":1},"end":{"line":78,"column":4}},"26":{"start":{"line":72,"column":2},"end":{"line":77,"column":3}},"27":{"start":{"line":73,"column":3},"end":{"line":76,"column":6}},"28":{"start":{"line":43,"column":13},"end":{"line":43,"column":48}}},"fnMap":{"0":{"name":"(anonymous_1)","decl":{"start":{"line":5,"column":42},"end":{"line":5,"column":43}},"loc":{"start":{"line":5,"column":77},"end":{"line":41,"column":1}}},"1":{"name":"(anonymous_2)","decl":{"start":{"line":7,"column":20},"end":{"line":7,"column":30}},"loc":{"start":{"line":7,"column":34},"end":{"line":11,"column":2}}},"2":{"name":"(anonymous_3)","decl":{"start":{"line":14,"column":21},"end":{"line":14,"column":31}},"loc":{"start":{"line":14,"column":34},"end":{"line":20,"column":2}}},"3":{"name":"(anonymous_4)","decl":{"start":{"line":23,"column":33},"end":{"line":23,"column":43}},"loc":{"start":{"line":23,"column":46},"end":{"line":30,"column":2}}},"4":{"name":"(anonymous_5)","decl":{"start":{"line":33,"column":33},"end":{"line":33,"column":43}},"loc":{"start":{"line":33,"column":46},"end":{"line":40,"column":2}}},"5":{"name":"(anonymous_6)","decl":{"start":{"line":43,"column":48},"end":{"line":43,"column":49}},"loc":{"start":{"line":43,"column":89},"end":{"line":79,"column":1}}},"6":{"name":"(anonymous_7)","decl":{"start":{"line":45,"column":20},"end":{"line":45,"column":30}},"loc":{"start":{"line":45,"column":34},"end":{"line":49,"column":2}}},"7":{"name":"(anonymous_8)","decl":{"start":{"line":52,"column":21},"end":{"line":52,"column":31}},"loc":{"start":{"line":52,"column":34},"end":{"line":58,"column":2}}},"8":{"name":"(anonymous_9)","decl":{"start":{"line":61,"column":33},"end":{"line":61,"column":43}},"loc":{"start":{"line":61,"column":46},"end":{"line":68,"column":2}}},"9":{"name":"(anonymous_10)","decl":{"start":{"line":71,"column":33},"end":{"line":71,"column":43}},"loc":{"start":{"line":71,"column":46},"end":{"line":78,"column":2}}}},"branchMap":{"0":{"loc":{"start":{"line":9,"column":27},"end":{"line":9,"column":59}},"type":"cond-expr","locations":[{"start":{"line":9,"column":40},"end":{"line":9,"column":48}},{"start":{"line":9,"column":51},"end":{"line":9,"column":59}}]},"1":{"loc":{"start":{"line":16,"column":59},"end":{"line":16,"column":105}},"type":"cond-expr","locations":[{"start":{"line":16,"column":84},"end":{"line":16,"column":93}},{"start":{"line":16,"column":96},"end":{"line":16,"column":105}}]},"2":{"loc":{"start":{"line":17,"column":7},"end":{"line":17,"column":26}},"type":"cond-expr","locations":[{"start":{"line":17,"column":14},"end":{"line":17,"column":16}},{"start":{"line":17,"column":14},"end":{"line":17,"column":26}}]},"3":{"loc":{"start":{"line":17,"column":7},"end":{"line":17,"column":16}},"type":"binary-expr","locations":[{"start":{"line":17,"column":7},"end":{"line":17,"column":16}},{"start":{"line":17,"column":14},"end":{"line":17,"column":16}}]},"4":{"loc":{"start":{"line":24,"column":2},"end":{"line":29,"column":3}},"type":"if","locations":[{"start":{"line":24,"column":2},"end":{"line":29,"column":3}}]},"5":{"loc":{"start":{"line":34,"column":2},"end":{"line":39,"column":3}},"type":"if","locations":[{"start":{"line":34,"column":2},"end":{"line":39,"column":3}}]},"6":{"loc":{"start":{"line":47,"column":27},"end":{"line":47,"column":59}},"type":"cond-expr","locations":[{"start":{"line":47,"column":40},"end":{"line":47,"column":48}},{"start":{"line":47,"column":51},"end":{"line":47,"column":59}}]},"7":{"loc":{"start":{"line":54,"column":72},"end":{"line":54,"column":118}},"type":"cond-expr","locations":[{"start":{"line":54,"column":97},"end":{"line":54,"column":106}},{"start":{"line":54,"column":109},"end":{"line":54,"column":118}}]},"8":{"loc":{"start":{"line":55,"column":7},"end":{"line":55,"column":26}},"type":"cond-expr","locations":[{"start":{"line":55,"column":14},"end":{"line":55,"column":16}},{"start":{"line":55,"column":14},"end":{"line":55,"column":26}}]},"9":{"loc":{"start":{"line":55,"column":7},"end":{"line":55,"column":16}},"type":"binary-expr","locations":[{"start":{"line":55,"column":7},"end":{"line":55,"column":16}},{"start":{"line":55,"column":14},"end":{"line":55,"column":16}}]},"10":{"loc":{"start":{"line":62,"column":2},"end":{"line":67,"column":3}},"type":"if","locations":[{"start":{"line":62,"column":2},"end":{"line":67,"column":3}}]},"11":{"loc":{"start":{"line":72,"column":2},"end":{"line":77,"column":3}},"type":"if","locations":[{"start":{"line":72,"column":2},"end":{"line":77,"column":3}}]}},"s":{"0":1,"1":1,"2":1,"3":0,"4":0,"5":1,"6":0,"7":0,"8":1,"9":0,"10":0,"11":1,"12":0,"13":0,"14":1,"15":1,"16":0,"17":0,"18":0,"19":0,"20":0,"21":0,"22":0,"23":0,"24":0,"25":0,"26":0,"27":0,"28":1},"f":{"0":1,"1":0,"2":0,"3":0,"4":0,"5":0,"6":0,"7":0,"8":0,"9":0},"b":{"0":[0,0],"1":[0,0],"2":[0,0],"3":[0,0],"4":[0],"5":[0],"6":[0,0],"7":[0,0],"8":[0,0],"9":[0,0],"10":[0],"11":[0]}}
,"C:\\Users\\ACER\\Downloads\\Group08-Ex-TKPM\\backend\\src\\models\\interfaces\\enrollment.interface.ts": {"path":"C:\\Users\\ACER\\Downloads\\Group08-Ex-TKPM\\backend\\src\\models\\interfaces\\enrollment.interface.ts","statementMap":{"0":{"start":{"line":3,"column":0},"end":{"line":3,"column":null}},"1":{"start":{"line":4,"column":1},"end":{"line":4,"column":null}},"2":{"start":{"line":5,"column":1},"end":{"line":5,"column":null}},"3":{"start":{"line":6,"column":1},"end":{"line":6,"column":null}}},"fnMap":{"0":{"name":"(anonymous_0)","decl":{"start":{"line":3,"column":0},"end":{"line":3,"column":12}},"loc":{"start":{"line":3,"column":28},"end":{"line":7,"column":1}}}},"branchMap":{"0":{"loc":{"start":{"line":3,"column":12},"end":{"line":3,"column":null}},"type":"binary-expr","locations":[{"start":{"line":3,"column":12},"end":{"line":3,"column":28}},{"start":{"line":3,"column":28},"end":{"line":3,"column":null}}]}},"s":{"0":1,"1":1,"2":1,"3":1},"f":{"0":1},"b":{"0":[1,1]}}
,"C:\\Users\\ACER\\Downloads\\Group08-Ex-TKPM\\backend\\src\\models\\interfaces\\student.interface.ts": {"path":"C:\\Users\\ACER\\Downloads\\Group08-Ex-TKPM\\backend\\src\\models\\interfaces\\student.interface.ts","statementMap":{"0":{"start":{"line":3,"column":0},"end":{"line":3,"column":null}},"1":{"start":{"line":4,"column":1},"end":{"line":4,"column":null}},"2":{"start":{"line":5,"column":1},"end":{"line":5,"column":null}},"3":{"start":{"line":8,"column":0},"end":{"line":8,"column":null}},"4":{"start":{"line":9,"column":1},"end":{"line":9,"column":null}},"5":{"start":{"line":10,"column":1},"end":{"line":10,"column":null}},"6":{"start":{"line":11,"column":1},"end":{"line":11,"column":null}}},"fnMap":{"0":{"name":"(anonymous_0)","decl":{"start":{"line":3,"column":0},"end":{"line":3,"column":12}},"loc":{"start":{"line":3,"column":18},"end":{"line":6,"column":1}}},"1":{"name":"(anonymous_1)","decl":{"start":{"line":8,"column":0},"end":{"line":8,"column":12}},"loc":{"start":{"line":8,"column":32},"end":{"line":12,"column":1}}}},"branchMap":{"0":{"loc":{"start":{"line":3,"column":12},"end":{"line":3,"column":null}},"type":"binary-expr","locations":[{"start":{"line":3,"column":12},"end":{"line":3,"column":18}},{"start":{"line":3,"column":18},"end":{"line":3,"column":null}}]},"1":{"loc":{"start":{"line":8,"column":12},"end":{"line":8,"column":null}},"type":"binary-expr","locations":[{"start":{"line":8,"column":12},"end":{"line":8,"column":32}},{"start":{"line":8,"column":32},"end":{"line":8,"column":null}}]}},"s":{"0":1,"1":1,"2":1,"3":1,"4":1,"5":1,"6":1},"f":{"0":1,"1":1},"b":{"0":[1,1],"1":[1,1]}}
,"C:\\Users\\ACER\\Downloads\\Group08-Ex-TKPM\\backend\\src\\models\\repositories\\course.repo.ts": {"path":"C:\\Users\\ACER\\Downloads\\Group08-Ex-TKPM\\backend\\src\\models\\repositories\\course.repo.ts","statementMap":{"0":{"start":{"line":1,"column":0},"end":{"line":1,"column":37}},"1":{"start":{"line":3,"column":0},"end":{"line":3,"column":33}},"2":{"start":{"line":4,"column":0},"end":{"line":4,"column":46}},"3":{"start":{"line":6,"column":28},"end":{"line":8,"column":null}},"4":{"start":{"line":6,"column":66},"end":{"line":8,"column":null}},"5":{"start":{"line":7,"column":1},"end":{"line":7,"column":40}},"6":{"start":{"line":6,"column":13},"end":{"line":6,"column":28}},"7":{"start":{"line":10,"column":30},"end":{"line":12,"column":null}},"8":{"start":{"line":10,"column":68},"end":{"line":12,"column":null}},"9":{"start":{"line":11,"column":1},"end":{"line":11,"column":41}},"10":{"start":{"line":10,"column":13},"end":{"line":10,"column":30}},"11":{"start":{"line":14,"column":32},"end":{"line":16,"column":null}},"12":{"start":{"line":14,"column":61},"end":{"line":16,"column":null}},"13":{"start":{"line":15,"column":1},"end":{"line":15,"column":52}},"14":{"start":{"line":14,"column":13},"end":{"line":14,"column":32}},"15":{"start":{"line":18,"column":32},"end":{"line":24,"column":2}},"16":{"start":{"line":18,"column":78},"end":{"line":24,"column":2}},"17":{"start":{"line":19,"column":19},"end":{"line":20,"column":null}},"18":{"start":{"line":20,"column":2},"end":{"line":20,"column":54}},"19":{"start":{"line":23,"column":1},"end":{"line":23,"column":62}},"20":{"start":{"line":18,"column":13},"end":{"line":18,"column":32}},"21":{"start":{"line":26,"column":28},"end":{"line":35,"column":null}},"22":{"start":{"line":26,"column":86},"end":{"line":35,"column":null}},"23":{"start":{"line":27,"column":1},"end":{"line":34,"column":10}},"24":{"start":{"line":26,"column":13},"end":{"line":26,"column":28}},"25":{"start":{"line":37,"column":32},"end":{"line":43,"column":null}},"26":{"start":{"line":37,"column":61},"end":{"line":43,"column":null}},"27":{"start":{"line":38,"column":1},"end":{"line":42,"column":10}},"28":{"start":{"line":37,"column":13},"end":{"line":37,"column":32}},"29":{"start":{"line":45,"column":30},"end":{"line":51,"column":null}},"30":{"start":{"line":45,"column":59},"end":{"line":51,"column":null}},"31":{"start":{"line":46,"column":1},"end":{"line":50,"column":10}},"32":{"start":{"line":45,"column":13},"end":{"line":45,"column":30}},"33":{"start":{"line":53,"column":28},"end":{"line":55,"column":null}},"34":{"start":{"line":53,"column":57},"end":{"line":55,"column":null}},"35":{"start":{"line":54,"column":1},"end":{"line":54,"column":61}},"36":{"start":{"line":53,"column":13},"end":{"line":53,"column":28}},"37":{"start":{"line":57,"column":29},"end":{"line":73,"column":null}},"38":{"start":{"line":61,"column":4},"end":{"line":73,"column":null}},"39":{"start":{"line":62,"column":1},"end":{"line":72,"column":4}},"40":{"start":{"line":57,"column":13},"end":{"line":57,"column":29}}},"fnMap":{"0":{"name":"(anonymous_8)","decl":{"start":{"line":6,"column":28},"end":{"line":6,"column":35}},"loc":{"start":{"line":6,"column":66},"end":{"line":8,"column":null}}},"1":{"name":"(anonymous_9)","decl":{"start":{"line":6,"column":66},"end":{"line":6,"column":null}},"loc":{"start":{"line":6,"column":66},"end":{"line":8,"column":1}}},"2":{"name":"(anonymous_10)","decl":{"start":{"line":10,"column":30},"end":{"line":10,"column":37}},"loc":{"start":{"line":10,"column":68},"end":{"line":12,"column":null}}},"3":{"name":"(anonymous_11)","decl":{"start":{"line":10,"column":68},"end":{"line":10,"column":null}},"loc":{"start":{"line":10,"column":68},"end":{"line":12,"column":1}}},"4":{"name":"(anonymous_12)","decl":{"start":{"line":14,"column":32},"end":{"line":14,"column":39}},"loc":{"start":{"line":14,"column":61},"end":{"line":16,"column":null}}},"5":{"name":"(anonymous_13)","decl":{"start":{"line":14,"column":61},"end":{"line":14,"column":null}},"loc":{"start":{"line":14,"column":61},"end":{"line":16,"column":1}}},"6":{"name":"(anonymous_14)","decl":{"start":{"line":18,"column":32},"end":{"line":18,"column":39}},"loc":{"start":{"line":18,"column":78},"end":{"line":24,"column":2}}},"7":{"name":"(anonymous_15)","decl":{"start":{"line":18,"column":78},"end":{"line":18,"column":null}},"loc":{"start":{"line":18,"column":78},"end":{"line":24,"column":1}}},"8":{"name":"(anonymous_16)","decl":{"start":{"line":19,"column":27},"end":{"line":19,"column":29}},"loc":{"start":{"line":20,"column":2},"end":{"line":20,"column":54}}},"9":{"name":"(anonymous_17)","decl":{"start":{"line":26,"column":28},"end":{"line":26,"column":35}},"loc":{"start":{"line":26,"column":86},"end":{"line":35,"column":null}}},"10":{"name":"(anonymous_18)","decl":{"start":{"line":26,"column":86},"end":{"line":26,"column":null}},"loc":{"start":{"line":26,"column":86},"end":{"line":35,"column":1}}},"11":{"name":"(anonymous_19)","decl":{"start":{"line":37,"column":32},"end":{"line":37,"column":39}},"loc":{"start":{"line":37,"column":61},"end":{"line":43,"column":null}}},"12":{"name":"(anonymous_20)","decl":{"start":{"line":37,"column":61},"end":{"line":37,"column":null}},"loc":{"start":{"line":37,"column":61},"end":{"line":43,"column":1}}},"13":{"name":"(anonymous_21)","decl":{"start":{"line":45,"column":30},"end":{"line":45,"column":37}},"loc":{"start":{"line":45,"column":59},"end":{"line":51,"column":null}}},"14":{"name":"(anonymous_22)","decl":{"start":{"line":45,"column":59},"end":{"line":45,"column":null}},"loc":{"start":{"line":45,"column":59},"end":{"line":51,"column":1}}},"15":{"name":"(anonymous_23)","decl":{"start":{"line":53,"column":28},"end":{"line":53,"column":35}},"loc":{"start":{"line":53,"column":57},"end":{"line":55,"column":null}}},"16":{"name":"(anonymous_24)","decl":{"start":{"line":53,"column":57},"end":{"line":53,"column":null}},"loc":{"start":{"line":53,"column":57},"end":{"line":55,"column":1}}},"17":{"name":"(anonymous_25)","decl":{"start":{"line":57,"column":29},"end":{"line":57,"column":null}},"loc":{"start":{"line":61,"column":4},"end":{"line":73,"column":null}}},"18":{"name":"(anonymous_26)","decl":{"start":{"line":61,"column":4},"end":{"line":61,"column":null}},"loc":{"start":{"line":60,"column":33},"end":{"line":73,"column":1}}}},"branchMap":{"0":{"loc":{"start":{"line":20,"column":2},"end":{"line":20,"column":54}},"type":"cond-expr","locations":[{"start":{"line":20,"column":27},"end":{"line":20,"column":49}},{"start":{"line":20,"column":52},"end":{"line":20,"column":54}}]},"1":{"loc":{"start":{"line":58,"column":1},"end":{"line":58,"column":17}},"type":"default-arg","locations":[{"start":{"line":58,"column":16},"end":{"line":58,"column":17}}]},"2":{"loc":{"start":{"line":59,"column":1},"end":{"line":59,"column":19}},"type":"default-arg","locations":[{"start":{"line":59,"column":17},"end":{"line":59,"column":19}}]},"3":{"loc":{"start":{"line":60,"column":1},"end":{"line":60,"column":33}},"type":"default-arg","locations":[{"start":{"line":60,"column":31},"end":{"line":60,"column":33}}]}},"s":{"0":1,"1":1,"2":1,"3":1,"4":0,"5":0,"6":1,"7":1,"8":0,"9":0,"10":1,"11":1,"12":0,"13":0,"14":1,"15":1,"16":0,"17":0,"18":0,"19":0,"20":1,"21":1,"22":0,"23":0,"24":1,"25":1,"26":0,"27":0,"28":1,"29":1,"30":0,"31":0,"32":1,"33":1,"34":0,"35":0,"36":1,"37":1,"38":0,"39":0,"40":1},"f":{"0":0,"1":0,"2":0,"3":0,"4":0,"5":0,"6":0,"7":0,"8":0,"9":0,"10":0,"11":0,"12":0,"13":0,"14":0,"15":0,"16":0,"17":0,"18":0},"b":{"0":[0,0],"1":[0],"2":[0],"3":[0]}}
,"C:\\Users\\ACER\\Downloads\\Group08-Ex-TKPM\\backend\\src\\models\\repositories\\enrollment.repo.ts": {"path":"C:\\Users\\ACER\\Downloads\\Group08-Ex-TKPM\\backend\\src\\models\\repositories\\enrollment.repo.ts","statementMap":{"0":{"start":{"line":1,"column":0},"end":{"line":1,"column":45}},"1":{"start":{"line":2,"column":0},"end":{"line":2,"column":35}},"2":{"start":{"line":3,"column":0},"end":{"line":3,"column":33}},"3":{"start":{"line":5,"column":0},"end":{"line":5,"column":70}},"4":{"start":{"line":7,"column":30},"end":{"line":13,"column":null}},"5":{"start":{"line":7,"column":108},"end":{"line":13,"column":null}},"6":{"start":{"line":8,"column":1},"end":{"line":12,"column":11}},"7":{"start":{"line":7,"column":13},"end":{"line":7,"column":30}},"8":{"start":{"line":15,"column":38},"end":{"line":17,"column":null}},"9":{"start":{"line":15,"column":82},"end":{"line":17,"column":null}},"10":{"start":{"line":16,"column":1},"end":{"line":16,"column":58}},"11":{"start":{"line":15,"column":13},"end":{"line":15,"column":38}},"12":{"start":{"line":19,"column":40},"end":{"line":24,"column":null}},"13":{"start":{"line":19,"column":83},"end":{"line":24,"column":null}},"14":{"start":{"line":20,"column":1},"end":{"line":23,"column":43}},"15":{"start":{"line":19,"column":13},"end":{"line":19,"column":40}},"16":{"start":{"line":26,"column":32},"end":{"line":38,"column":2}},"17":{"start":{"line":26,"column":78},"end":{"line":38,"column":2}},"18":{"start":{"line":29,"column":27},"end":{"line":29,"column":66}},"19":{"start":{"line":32,"column":1},"end":{"line":35,"column":3}},"20":{"start":{"line":37,"column":1},"end":{"line":37,"column":26}},"21":{"start":{"line":26,"column":13},"end":{"line":26,"column":32}},"22":{"start":{"line":40,"column":46},"end":{"line":68,"column":2}},"23":{"start":{"line":40,"column":89},"end":{"line":68,"column":2}},"24":{"start":{"line":41,"column":30},"end":{"line":47,"column":10}},"25":{"start":{"line":50,"column":25},"end":{"line":50,"column":42}},"26":{"start":{"line":52,"column":1},"end":{"line":60,"column":4}},"27":{"start":{"line":54,"column":25},"end":{"line":54,"column":42}},"28":{"start":{"line":55,"column":20},"end":{"line":55,"column":40}},"29":{"start":{"line":57,"column":2},"end":{"line":59,"column":3}},"30":{"start":{"line":58,"column":3},"end":{"line":58,"column":49}},"31":{"start":{"line":63,"column":19},"end":{"line":64,"column":null}},"32":{"start":{"line":64,"column":2},"end":{"line":64,"column":24}},"33":{"start":{"line":67,"column":1},"end":{"line":67,"column":18}},"34":{"start":{"line":40,"column":13},"end":{"line":40,"column":46}},"35":{"start":{"line":70,"column":30},"end":{"line":93,"column":null}},"36":{"start":{"line":74,"column":4},"end":{"line":93,"column":null}},"37":{"start":{"line":75,"column":27},"end":{"line":83,"column":9}},"38":{"start":{"line":85,"column":1},"end":{"line":90,"column":2}},"39":{"start":{"line":86,"column":2},"end":{"line":89,"column":4}},"40":{"start":{"line":92,"column":1},"end":{"line":92,"column":26}},"41":{"start":{"line":70,"column":13},"end":{"line":70,"column":30}},"42":{"start":{"line":95,"column":40},"end":{"line":102,"column":null}},"43":{"start":{"line":95,"column":85},"end":{"line":102,"column":null}},"44":{"start":{"line":96,"column":1},"end":{"line":101,"column":11}},"45":{"start":{"line":95,"column":13},"end":{"line":95,"column":40}}},"fnMap":{"0":{"name":"(anonymous_8)","decl":{"start":{"line":7,"column":30},"end":{"line":7,"column":37}},"loc":{"start":{"line":7,"column":108},"end":{"line":13,"column":null}}},"1":{"name":"(anonymous_9)","decl":{"start":{"line":7,"column":108},"end":{"line":7,"column":null}},"loc":{"start":{"line":7,"column":108},"end":{"line":13,"column":1}}},"2":{"name":"(anonymous_10)","decl":{"start":{"line":15,"column":38},"end":{"line":15,"column":45}},"loc":{"start":{"line":15,"column":82},"end":{"line":17,"column":null}}},"3":{"name":"(anonymous_11)","decl":{"start":{"line":15,"column":82},"end":{"line":15,"column":null}},"loc":{"start":{"line":15,"column":82},"end":{"line":17,"column":1}}},"4":{"name":"(anonymous_12)","decl":{"start":{"line":19,"column":40},"end":{"line":19,"column":47}},"loc":{"start":{"line":19,"column":83},"end":{"line":24,"column":null}}},"5":{"name":"(anonymous_13)","decl":{"start":{"line":19,"column":83},"end":{"line":19,"column":null}},"loc":{"start":{"line":19,"column":83},"end":{"line":24,"column":1}}},"6":{"name":"(anonymous_14)","decl":{"start":{"line":26,"column":32},"end":{"line":26,"column":39}},"loc":{"start":{"line":26,"column":78},"end":{"line":38,"column":2}}},"7":{"name":"(anonymous_15)","decl":{"start":{"line":26,"column":78},"end":{"line":26,"column":null}},"loc":{"start":{"line":26,"column":78},"end":{"line":38,"column":1}}},"8":{"name":"(anonymous_16)","decl":{"start":{"line":40,"column":46},"end":{"line":40,"column":53}},"loc":{"start":{"line":40,"column":89},"end":{"line":68,"column":2}}},"9":{"name":"(anonymous_17)","decl":{"start":{"line":40,"column":89},"end":{"line":40,"column":null}},"loc":{"start":{"line":40,"column":89},"end":{"line":68,"column":1}}},"10":{"name":"(anonymous_18)","decl":{"start":{"line":52,"column":30},"end":{"line":52,"column":40}},"loc":{"start":{"line":52,"column":43},"end":{"line":60,"column":2}}},"11":{"name":"(anonymous_19)","decl":{"start":{"line":63,"column":51},"end":{"line":63,"column":53}},"loc":{"start":{"line":64,"column":2},"end":{"line":64,"column":24}}},"12":{"name":"(anonymous_20)","decl":{"start":{"line":70,"column":30},"end":{"line":70,"column":null}},"loc":{"start":{"line":74,"column":4},"end":{"line":93,"column":null}}},"13":{"name":"(anonymous_21)","decl":{"start":{"line":74,"column":4},"end":{"line":74,"column":null}},"loc":{"start":{"line":74,"column":4},"end":{"line":93,"column":1}}},"14":{"name":"(anonymous_22)","decl":{"start":{"line":95,"column":40},"end":{"line":95,"column":47}},"loc":{"start":{"line":95,"column":85},"end":{"line":102,"column":null}}},"15":{"name":"(anonymous_23)","decl":{"start":{"line":95,"column":85},"end":{"line":95,"column":null}},"loc":{"start":{"line":95,"column":85},"end":{"line":102,"column":1}}}},"branchMap":{"0":{"loc":{"start":{"line":57,"column":2},"end":{"line":59,"column":3}},"type":"if","locations":[{"start":{"line":57,"column":2},"end":{"line":59,"column":3}}]},"1":{"loc":{"start":{"line":57,"column":6},"end":{"line":57,"column":35}},"type":"binary-expr","locations":[{"start":{"line":57,"column":6},"end":{"line":57,"column":15}},{"start":{"line":57,"column":19},"end":{"line":57,"column":35}}]},"2":{"loc":{"start":{"line":85,"column":1},"end":{"line":90,"column":2}},"type":"if","locations":[{"start":{"line":85,"column":1},"end":{"line":90,"column":2}}]}},"s":{"0":1,"1":1,"2":1,"3":1,"4":1,"5":0,"6":0,"7":1,"8":1,"9":0,"10":0,"11":1,"12":1,"13":0,"14":0,"15":1,"16":1,"17":0,"18":0,"19":0,"20":0,"21":1,"22":1,"23":0,"24":0,"25":0,"26":0,"27":0,"28":0,"29":0,"30":0,"31":0,"32":0,"33":0,"34":1,"35":1,"36":0,"37":0,"38":0,"39":0,"40":0,"41":1,"42":1,"43":0,"44":0,"45":1},"f":{"0":0,"1":0,"2":0,"3":0,"4":0,"5":0,"6":0,"7":0,"8":0,"9":0,"10":0,"11":0,"12":0,"13":0,"14":0,"15":0},"b":{"0":[0],"1":[0,0],"2":[0]}}
,"C:\\Users\\ACER\\Downloads\\Group08-Ex-TKPM\\backend\\src\\models\\repositories\\grade.repo.ts": {"path":"C:\\Users\\ACER\\Downloads\\Group08-Ex-TKPM\\backend\\src\\models\\repositories\\grade.repo.ts","statementMap":{"0":{"start":{"line":2,"column":0},"end":{"line":2,"column":35}},"1":{"start":{"line":4,"column":37},"end":{"line":6,"column":null}},"2":{"start":{"line":4,"column":83},"end":{"line":6,"column":null}},"3":{"start":{"line":5,"column":1},"end":{"line":5,"column":51}},"4":{"start":{"line":4,"column":13},"end":{"line":4,"column":37}},"5":{"start":{"line":8,"column":27},"end":{"line":10,"column":null}},"6":{"start":{"line":8,"column":52},"end":{"line":10,"column":null}},"7":{"start":{"line":9,"column":1},"end":{"line":9,"column":38}},"8":{"start":{"line":8,"column":13},"end":{"line":8,"column":27}}},"fnMap":{"0":{"name":"(anonymous_8)","decl":{"start":{"line":4,"column":37},"end":{"line":4,"column":44}},"loc":{"start":{"line":4,"column":83},"end":{"line":6,"column":null}}},"1":{"name":"(anonymous_9)","decl":{"start":{"line":4,"column":83},"end":{"line":4,"column":null}},"loc":{"start":{"line":4,"column":83},"end":{"line":6,"column":1}}},"2":{"name":"(anonymous_10)","decl":{"start":{"line":8,"column":27},"end":{"line":8,"column":34}},"loc":{"start":{"line":8,"column":52},"end":{"line":10,"column":null}}},"3":{"name":"(anonymous_11)","decl":{"start":{"line":8,"column":52},"end":{"line":8,"column":null}},"loc":{"start":{"line":8,"column":52},"end":{"line":10,"column":1}}}},"branchMap":{},"s":{"0":1,"1":1,"2":0,"3":0,"4":1,"5":1,"6":0,"7":0,"8":1},"f":{"0":0,"1":0,"2":0,"3":0},"b":{}}
,"C:\\Users\\ACER\\Downloads\\Group08-Ex-TKPM\\backend\\src\\models\\repositories\\student.repo.ts": {"path":"C:\\Users\\ACER\\Downloads\\Group08-Ex-TKPM\\backend\\src\\models\\repositories\\student.repo.ts","statementMap":{"0":{"start":{"line":1,"column":0},"end":{"line":1,"column":39}},"1":{"start":{"line":4,"column":0},"end":{"line":4,"column":79}},"2":{"start":{"line":5,"column":0},"end":{"line":5,"column":51}},"3":{"start":{"line":7,"column":0},"end":{"line":7,"column":71}},"4":{"start":{"line":11,"column":27},"end":{"line":13,"column":null}},"5":{"start":{"line":11,"column":74},"end":{"line":13,"column":null}},"6":{"start":{"line":12,"column":1},"end":{"line":12,"column":38}},"7":{"start":{"line":11,"column":13},"end":{"line":11,"column":27}},"8":{"start":{"line":15,"column":26},"end":{"line":18,"column":null}},"9":{"start":{"line":15,"column":85},"end":{"line":18,"column":null}},"10":{"start":{"line":16,"column":20},"end":{"line":16,"column":53}},"11":{"start":{"line":17,"column":1},"end":{"line":17,"column":19}},"12":{"start":{"line":15,"column":13},"end":{"line":15,"column":26}},"13":{"start":{"line":20,"column":29},"end":{"line":29,"column":null}},"14":{"start":{"line":20,"column":114},"end":{"line":29,"column":null}},"15":{"start":{"line":21,"column":1},"end":{"line":28,"column":10}},"16":{"start":{"line":20,"column":13},"end":{"line":20,"column":29}},"17":{"start":{"line":31,"column":29},"end":{"line":33,"column":null}},"18":{"start":{"line":31,"column":83},"end":{"line":33,"column":null}},"19":{"start":{"line":32,"column":1},"end":{"line":32,"column":61}},"20":{"start":{"line":31,"column":13},"end":{"line":31,"column":29}},"21":{"start":{"line":35,"column":30},"end":{"line":60,"column":2}},"22":{"start":{"line":35,"column":100},"end":{"line":60,"column":2}},"23":{"start":{"line":36,"column":65},"end":{"line":36,"column":72}},"24":{"start":{"line":38,"column":19},"end":{"line":40,"column":null}},"25":{"start":{"line":43,"column":16},"end":{"line":57,"column":3}},"26":{"start":{"line":59,"column":1},"end":{"line":59,"column":15}},"27":{"start":{"line":35,"column":13},"end":{"line":35,"column":30}},"28":{"start":{"line":62,"column":30},"end":{"line":75,"column":null}},"29":{"start":{"line":62,"column":135},"end":{"line":75,"column":null}},"30":{"start":{"line":63,"column":1},"end":{"line":74,"column":4}},"31":{"start":{"line":62,"column":13},"end":{"line":62,"column":30}},"32":{"start":{"line":77,"column":30},"end":{"line":82,"column":null}},"33":{"start":{"line":77,"column":58},"end":{"line":82,"column":null}},"34":{"start":{"line":78,"column":1},"end":{"line":81,"column":10}},"35":{"start":{"line":77,"column":13},"end":{"line":77,"column":30}},"36":{"start":{"line":86,"column":33},"end":{"line":90,"column":null}},"37":{"start":{"line":86,"column":76},"end":{"line":90,"column":null}},"38":{"start":{"line":87,"column":1},"end":{"line":89,"column":11}},"39":{"start":{"line":86,"column":13},"end":{"line":86,"column":33}},"40":{"start":{"line":92,"column":37},"end":{"line":94,"column":null}},"41":{"start":{"line":92,"column":95},"end":{"line":94,"column":null}},"42":{"start":{"line":93,"column":1},"end":{"line":93,"column":54}},"43":{"start":{"line":92,"column":13},"end":{"line":92,"column":37}},"44":{"start":{"line":96,"column":32},"end":{"line":98,"column":null}},"45":{"start":{"line":96,"column":75},"end":{"line":98,"column":null}},"46":{"start":{"line":97,"column":1},"end":{"line":97,"column":57}},"47":{"start":{"line":96,"column":13},"end":{"line":96,"column":32}},"48":{"start":{"line":100,"column":35},"end":{"line":106,"column":null}},"49":{"start":{"line":100,"column":96},"end":{"line":106,"column":null}},"50":{"start":{"line":101,"column":1},"end":{"line":105,"column":10}},"51":{"start":{"line":100,"column":13},"end":{"line":100,"column":35}},"52":{"start":{"line":108,"column":32},"end":{"line":110,"column":null}},"53":{"start":{"line":108,"column":57},"end":{"line":110,"column":null}},"54":{"start":{"line":109,"column":1},"end":{"line":109,"column":84}},"55":{"start":{"line":108,"column":13},"end":{"line":108,"column":32}},"56":{"start":{"line":114,"column":42},"end":{"line":116,"column":null}},"57":{"start":{"line":114,"column":103},"end":{"line":116,"column":null}},"58":{"start":{"line":115,"column":1},"end":{"line":115,"column":71}},"59":{"start":{"line":114,"column":13},"end":{"line":114,"column":42}},"60":{"start":{"line":118,"column":43},"end":{"line":126,"column":null}},"61":{"start":{"line":121,"column":18},"end":{"line":126,"column":null}},"62":{"start":{"line":122,"column":1},"end":{"line":125,"column":11}},"63":{"start":{"line":118,"column":13},"end":{"line":118,"column":43}},"64":{"start":{"line":128,"column":34},"end":{"line":194,"column":null}},"65":{"start":{"line":128,"column":61},"end":{"line":194,"column":null}},"66":{"start":{"line":130,"column":26},"end":{"line":130,"column":55}},"67":{"start":{"line":132,"column":1},"end":{"line":193,"column":4}},"68":{"start":{"line":128,"column":13},"end":{"line":128,"column":34}},"69":{"start":{"line":196,"column":45},"end":{"line":201,"column":null}},"70":{"start":{"line":196,"column":106},"end":{"line":201,"column":null}},"71":{"start":{"line":197,"column":1},"end":{"line":200,"column":11}},"72":{"start":{"line":196,"column":13},"end":{"line":196,"column":45}}},"fnMap":{"0":{"name":"(anonymous_8)","decl":{"start":{"line":11,"column":27},"end":{"line":11,"column":34}},"loc":{"start":{"line":11,"column":74},"end":{"line":13,"column":null}}},"1":{"name":"(anonymous_9)","decl":{"start":{"line":11,"column":74},"end":{"line":11,"column":null}},"loc":{"start":{"line":11,"column":74},"end":{"line":13,"column":1}}},"2":{"name":"(anonymous_10)","decl":{"start":{"line":15,"column":26},"end":{"line":15,"column":33}},"loc":{"start":{"line":15,"column":85},"end":{"line":18,"column":null}}},"3":{"name":"(anonymous_11)","decl":{"start":{"line":15,"column":85},"end":{"line":15,"column":null}},"loc":{"start":{"line":15,"column":85},"end":{"line":18,"column":1}}},"4":{"name":"(anonymous_12)","decl":{"start":{"line":20,"column":29},"end":{"line":20,"column":36}},"loc":{"start":{"line":20,"column":114},"end":{"line":29,"column":null}}},"5":{"name":"(anonymous_13)","decl":{"start":{"line":20,"column":114},"end":{"line":20,"column":null}},"loc":{"start":{"line":20,"column":114},"end":{"line":29,"column":1}}},"6":{"name":"(anonymous_14)","decl":{"start":{"line":31,"column":29},"end":{"line":31,"column":36}},"loc":{"start":{"line":31,"column":83},"end":{"line":33,"column":null}}},"7":{"name":"(anonymous_15)","decl":{"start":{"line":31,"column":83},"end":{"line":31,"column":null}},"loc":{"start":{"line":31,"column":83},"end":{"line":33,"column":1}}},"8":{"name":"(anonymous_16)","decl":{"start":{"line":35,"column":30},"end":{"line":35,"column":37}},"loc":{"start":{"line":35,"column":100},"end":{"line":60,"column":2}}},"9":{"name":"(anonymous_17)","decl":{"start":{"line":35,"column":100},"end":{"line":35,"column":null}},"loc":{"start":{"line":35,"column":100},"end":{"line":60,"column":1}}},"10":{"name":"(anonymous_18)","decl":{"start":{"line":62,"column":30},"end":{"line":62,"column":37}},"loc":{"start":{"line":62,"column":135},"end":{"line":75,"column":null}}},"11":{"name":"(anonymous_19)","decl":{"start":{"line":62,"column":135},"end":{"line":62,"column":null}},"loc":{"start":{"line":62,"column":94},"end":{"line":75,"column":1}}},"12":{"name":"(anonymous_20)","decl":{"start":{"line":77,"column":30},"end":{"line":77,"column":37}},"loc":{"start":{"line":77,"column":58},"end":{"line":82,"column":null}}},"13":{"name":"(anonymous_21)","decl":{"start":{"line":77,"column":58},"end":{"line":77,"column":null}},"loc":{"start":{"line":77,"column":58},"end":{"line":82,"column":1}}},"14":{"name":"(anonymous_22)","decl":{"start":{"line":86,"column":33},"end":{"line":86,"column":40}},"loc":{"start":{"line":86,"column":76},"end":{"line":90,"column":null}}},"15":{"name":"(anonymous_23)","decl":{"start":{"line":86,"column":76},"end":{"line":86,"column":null}},"loc":{"start":{"line":86,"column":76},"end":{"line":90,"column":1}}},"16":{"name":"(anonymous_24)","decl":{"start":{"line":92,"column":37},"end":{"line":92,"column":44}},"loc":{"start":{"line":92,"column":95},"end":{"line":94,"column":null}}},"17":{"name":"(anonymous_25)","decl":{"start":{"line":92,"column":95},"end":{"line":92,"column":null}},"loc":{"start":{"line":92,"column":95},"end":{"line":94,"column":1}}},"18":{"name":"(anonymous_26)","decl":{"start":{"line":96,"column":32},"end":{"line":96,"column":39}},"loc":{"start":{"line":96,"column":75},"end":{"line":98,"column":null}}},"19":{"name":"(anonymous_27)","decl":{"start":{"line":96,"column":75},"end":{"line":96,"column":null}},"loc":{"start":{"line":96,"column":75},"end":{"line":98,"column":1}}},"20":{"name":"(anonymous_28)","decl":{"start":{"line":100,"column":35},"end":{"line":100,"column":42}},"loc":{"start":{"line":100,"column":96},"end":{"line":106,"column":null}}},"21":{"name":"(anonymous_29)","decl":{"start":{"line":100,"column":96},"end":{"line":100,"column":null}},"loc":{"start":{"line":100,"column":96},"end":{"line":106,"column":1}}},"22":{"name":"(anonymous_30)","decl":{"start":{"line":108,"column":32},"end":{"line":108,"column":55}},"loc":{"start":{"line":108,"column":57},"end":{"line":110,"column":null}}},"23":{"name":"(anonymous_31)","decl":{"start":{"line":108,"column":57},"end":{"line":108,"column":null}},"loc":{"start":{"line":108,"column":57},"end":{"line":110,"column":1}}},"24":{"name":"(anonymous_32)","decl":{"start":{"line":114,"column":42},"end":{"line":114,"column":49}},"loc":{"start":{"line":114,"column":103},"end":{"line":116,"column":null}}},"25":{"name":"(anonymous_33)","decl":{"start":{"line":114,"column":103},"end":{"line":114,"column":null}},"loc":{"start":{"line":114,"column":103},"end":{"line":116,"column":1}}},"26":{"name":"(anonymous_34)","decl":{"start":{"line":118,"column":43},"end":{"line":118,"column":null}},"loc":{"start":{"line":121,"column":18},"end":{"line":126,"column":null}}},"27":{"name":"(anonymous_35)","decl":{"start":{"line":121,"column":18},"end":{"line":121,"column":null}},"loc":{"start":{"line":121,"column":18},"end":{"line":126,"column":1}}},"28":{"name":"(anonymous_36)","decl":{"start":{"line":128,"column":34},"end":{"line":128,"column":59}},"loc":{"start":{"line":128,"column":61},"end":{"line":194,"column":null}}},"29":{"name":"(anonymous_37)","decl":{"start":{"line":128,"column":61},"end":{"line":128,"column":null}},"loc":{"start":{"line":128,"column":61},"end":{"line":194,"column":1}}},"30":{"name":"(anonymous_38)","decl":{"start":{"line":196,"column":45},"end":{"line":196,"column":52}},"loc":{"start":{"line":196,"column":106},"end":{"line":201,"column":null}}},"31":{"name":"(anonymous_39)","decl":{"start":{"line":196,"column":106},"end":{"line":196,"column":null}},"loc":{"start":{"line":196,"column":106},"end":{"line":201,"column":1}}}},"branchMap":{"0":{"loc":{"start":{"line":36,"column":16},"end":{"line":36,"column":24}},"type":"default-arg","locations":[{"start":{"line":36,"column":23},"end":{"line":36,"column":24}}]},"1":{"loc":{"start":{"line":36,"column":26},"end":{"line":36,"column":36}},"type":"default-arg","locations":[{"start":{"line":36,"column":34},"end":{"line":36,"column":36}}]},"2":{"loc":{"start":{"line":36,"column":38},"end":{"line":36,"column":52}},"type":"default-arg","locations":[{"start":{"line":36,"column":45},"end":{"line":36,"column":52}}]},"3":{"loc":{"start":{"line":62,"column":37},"end":{"line":62,"column":53}},"type":"default-arg","locations":[{"start":{"line":62,"column":52},"end":{"line":62,"column":53}}]},"4":{"loc":{"start":{"line":62,"column":55},"end":{"line":62,"column":73}},"type":"default-arg","locations":[{"start":{"line":62,"column":71},"end":{"line":62,"column":73}}]},"5":{"loc":{"start":{"line":62,"column":75},"end":{"line":62,"column":94}},"type":"default-arg","locations":[{"start":{"line":62,"column":92},"end":{"line":62,"column":94}}]}},"s":{"0":1,"1":1,"2":1,"3":1,"4":1,"5":0,"6":0,"7":1,"8":1,"9":0,"10":0,"11":0,"12":1,"13":1,"14":0,"15":0,"16":1,"17":1,"18":0,"19":0,"20":1,"21":1,"22":0,"23":0,"24":0,"25":0,"26":0,"27":1,"28":1,"29":0,"30":0,"31":1,"32":1,"33":0,"34":0,"35":1,"36":1,"37":0,"38":0,"39":1,"40":1,"41":0,"42":0,"43":1,"44":1,"45":0,"46":0,"47":1,"48":1,"49":0,"50":0,"51":1,"52":1,"53":0,"54":0,"55":1,"56":1,"57":0,"58":0,"59":1,"60":1,"61":0,"62":0,"63":1,"64":1,"65":0,"66":0,"67":0,"68":1,"69":1,"70":0,"71":0,"72":1},"f":{"0":0,"1":0,"2":0,"3":0,"4":0,"5":0,"6":0,"7":0,"8":0,"9":0,"10":0,"11":0,"12":0,"13":0,"14":0,"15":0,"16":0,"17":0,"18":0,"19":0,"20":0,"21":0,"22":0,"23":0,"24":0,"25":0,"26":0,"27":0,"28":0,"29":0,"30":0,"31":0},"b":{"0":[0],"1":[0],"2":[0],"3":[0],"4":[0],"5":[0]}}
,"C:\\Users\\ACER\\Downloads\\Group08-Ex-TKPM\\backend\\src\\responses\\error.responses.ts": {"path":"C:\\Users\\ACER\\Downloads\\Group08-Ex-TKPM\\backend\\src\\responses\\error.responses.ts","statementMap":{"0":{"start":{"line":17,"column":37},"end":{"line":23,"column":null}},"1":{"start":{"line":25,"column":41},"end":{"line":31,"column":null}},"2":{"start":{"line":37,"column":2},"end":{"line":37,"column":17}},"3":{"start":{"line":38,"column":2},"end":{"line":38,"column":23}},"4":{"start":{"line":41,"column":2},"end":{"line":41,"column":52}},"5":{"start":{"line":42,"column":2},"end":{"line":42,"column":50}},"6":{"start":{"line":33,"column":0},"end":{"line":33,"column":13}},"7":{"start":{"line":51,"column":2},"end":{"line":51,"column":29}},"8":{"start":{"line":46,"column":0},"end":{"line":46,"column":13}},"9":{"start":{"line":60,"column":2},"end":{"line":60,"column":29}},"10":{"start":{"line":55,"column":0},"end":{"line":55,"column":13}},"11":{"start":{"line":69,"column":2},"end":{"line":69,"column":29}},"12":{"start":{"line":64,"column":0},"end":{"line":64,"column":13}},"13":{"start":{"line":78,"column":2},"end":{"line":78,"column":29}},"14":{"start":{"line":73,"column":0},"end":{"line":73,"column":13}},"15":{"start":{"line":87,"column":2},"end":{"line":87,"column":29}},"16":{"start":{"line":82,"column":0},"end":{"line":82,"column":13}}},"fnMap":{"0":{"name":"(anonymous_0)","decl":{"start":{"line":36,"column":1},"end":{"line":36,"column":13}},"loc":{"start":{"line":36,"column":44},"end":{"line":43,"column":2}}},"1":{"name":"(anonymous_1)","decl":{"start":{"line":47,"column":1},"end":{"line":47,"column":null}},"loc":{"start":{"line":49,"column":43},"end":{"line":52,"column":2}}},"2":{"name":"(anonymous_2)","decl":{"start":{"line":56,"column":1},"end":{"line":56,"column":null}},"loc":{"start":{"line":58,"column":46},"end":{"line":61,"column":2}}},"3":{"name":"(anonymous_3)","decl":{"start":{"line":65,"column":1},"end":{"line":65,"column":null}},"loc":{"start":{"line":67,"column":47},"end":{"line":70,"column":2}}},"4":{"name":"(anonymous_4)","decl":{"start":{"line":74,"column":1},"end":{"line":74,"column":null}},"loc":{"start":{"line":76,"column":44},"end":{"line":79,"column":2}}},"5":{"name":"(anonymous_5)","decl":{"start":{"line":83,"column":1},"end":{"line":83,"column":null}},"loc":{"start":{"line":85,"column":44},"end":{"line":88,"column":2}}}},"branchMap":{"0":{"loc":{"start":{"line":48,"column":2},"end":{"line":48,"column":42}},"type":"default-arg","locations":[{"start":{"line":48,"column":20},"end":{"line":48,"column":42}}]},"1":{"loc":{"start":{"line":49,"column":2},"end":{"line":49,"column":43}},"type":"default-arg","locations":[{"start":{"line":49,"column":23},"end":{"line":49,"column":43}}]},"2":{"loc":{"start":{"line":57,"column":2},"end":{"line":57,"column":45}},"type":"default-arg","locations":[{"start":{"line":57,"column":20},"end":{"line":57,"column":45}}]},"3":{"loc":{"start":{"line":58,"column":2},"end":{"line":58,"column":46}},"type":"default-arg","locations":[{"start":{"line":58,"column":23},"end":{"line":58,"column":46}}]},"4":{"loc":{"start":{"line":66,"column":2},"end":{"line":66,"column":46}},"type":"default-arg","locations":[{"start":{"line":66,"column":20},"end":{"line":66,"column":46}}]},"5":{"loc":{"start":{"line":67,"column":2},"end":{"line":67,"column":47}},"type":"default-arg","locations":[{"start":{"line":67,"column":23},"end":{"line":67,"column":47}}]},"6":{"loc":{"start":{"line":75,"column":2},"end":{"line":75,"column":43}},"type":"default-arg","locations":[{"start":{"line":75,"column":20},"end":{"line":75,"column":43}}]},"7":{"loc":{"start":{"line":76,"column":2},"end":{"line":76,"column":44}},"type":"default-arg","locations":[{"start":{"line":76,"column":23},"end":{"line":76,"column":44}}]},"8":{"loc":{"start":{"line":84,"column":2},"end":{"line":84,"column":43}},"type":"default-arg","locations":[{"start":{"line":84,"column":20},"end":{"line":84,"column":43}}]},"9":{"loc":{"start":{"line":85,"column":2},"end":{"line":85,"column":44}},"type":"default-arg","locations":[{"start":{"line":85,"column":23},"end":{"line":85,"column":44}}]}},"s":{"0":1,"1":1,"2":1,"3":1,"4":1,"5":1,"6":1,"7":0,"8":1,"9":0,"10":1,"11":0,"12":1,"13":1,"14":1,"15":0,"16":1},"f":{"0":1,"1":0,"2":0,"3":0,"4":1,"5":0},"b":{"0":[0],"1":[0],"2":[0],"3":[0],"4":[0],"5":[0],"6":[0],"7":[1],"8":[0],"9":[0]}}
,"C:\\Users\\ACER\\Downloads\\Group08-Ex-TKPM\\backend\\src\\services\\logger.service.ts": {"path":"C:\\Users\\ACER\\Downloads\\Group08-Ex-TKPM\\backend\\src\\services\\logger.service.ts","statementMap":{"0":{"start":{"line":1,"column":0},"end":{"line":1,"column":20}},"1":{"start":{"line":2,"column":0},"end":{"line":2,"column":24}},"2":{"start":{"line":3,"column":0},"end":{"line":3,"column":34}},"3":{"start":{"line":9,"column":2},"end":{"line":9,"column":49}},"4":{"start":{"line":10,"column":2},"end":{"line":10,"column":28}},"5":{"start":{"line":14,"column":2},"end":{"line":16,"column":3}},"6":{"start":{"line":15,"column":3},"end":{"line":15,"column":50}},"7":{"start":{"line":19,"column":15},"end":{"line":19,"column":32}},"8":{"start":{"line":20,"column":2},"end":{"line":25,"column":5}},"9":{"start":{"line":21,"column":19},"end":{"line":21,"column":46}},"10":{"start":{"line":22,"column":3},"end":{"line":24,"column":4}},"11":{"start":{"line":23,"column":4},"end":{"line":23,"column":47}},"12":{"start":{"line":29,"column":16},"end":{"line":29,"column":48}},"13":{"start":{"line":30,"column":2},"end":{"line":30,"column":69}},"14":{"start":{"line":34,"column":20},"end":{"line":34,"column":61}},"15":{"start":{"line":35,"column":17},"end":{"line":35,"column":68}},"16":{"start":{"line":37,"column":2},"end":{"line":44,"column":3}},"17":{"start":{"line":38,"column":3},"end":{"line":43,"column":4}},"18":{"start":{"line":39,"column":23},"end":{"line":39,"column":43}},"19":{"start":{"line":40,"column":4},"end":{"line":40,"column":33}},"20":{"start":{"line":42,"column":4},"end":{"line":42,"column":48}},"21":{"start":{"line":46,"column":2},"end":{"line":46,"column":25}},"22":{"start":{"line":50,"column":2},"end":{"line":88,"column":3}},"23":{"start":{"line":51,"column":23},"end":{"line":51,"column":49}},"24":{"start":{"line":52,"column":20},"end":{"line":52,"column":60}},"25":{"start":{"line":55,"column":3},"end":{"line":57,"column":4}},"26":{"start":{"line":56,"column":4},"end":{"line":56,"column":26}},"27":{"start":{"line":63,"column":3},"end":{"line":84,"column":4}},"28":{"start":{"line":64,"column":4},"end":{"line":76,"column":5}},"29":{"start":{"line":66,"column":5},"end":{"line":66,"column":46}},"30":{"start":{"line":68,"column":5},"end":{"line":68,"column":72}},"31":{"start":{"line":71,"column":5},"end":{"line":75,"column":8}},"32":{"start":{"line":72,"column":6},"end":{"line":74,"column":7}},"33":{"start":{"line":73,"column":7},"end":{"line":73,"column":58}},"34":{"start":{"line":79,"column":4},"end":{"line":83,"column":7}},"35":{"start":{"line":80,"column":5},"end":{"line":82,"column":6}},"36":{"start":{"line":81,"column":6},"end":{"line":81,"column":64}},"37":{"start":{"line":87,"column":3},"end":{"line":87,"column":65}},"38":{"start":{"line":93,"column":2},"end":{"line":93,"column":39}},"39":{"start":{"line":97,"column":2},"end":{"line":97,"column":40}},"40":{"start":{"line":101,"column":2},"end":{"line":101,"column":39}},"41":{"start":{"line":105,"column":2},"end":{"line":107,"column":3}},"42":{"start":{"line":106,"column":3},"end":{"line":106,"column":41}},"43":{"start":{"line":111,"column":0},"end":{"line":111,"column":28}}},"fnMap":{"0":{"name":"(anonymous_1)","decl":{"start":{"line":8,"column":1},"end":{"line":8,"column":null}},"loc":{"start":{"line":8,"column":1},"end":{"line":11,"column":2}}},"1":{"name":"(anonymous_2)","decl":{"start":{"line":13,"column":9},"end":{"line":13,"column":27}},"loc":{"start":{"line":13,"column":27},"end":{"line":26,"column":2}}},"2":{"name":"(anonymous_3)","decl":{"start":{"line":20,"column":15},"end":{"line":20,"column":18}},"loc":{"start":{"line":20,"column":21},"end":{"line":25,"column":3}}},"3":{"name":"(anonymous_4)","decl":{"start":{"line":28,"column":9},"end":{"line":28,"column":23}},"loc":{"start":{"line":28,"column":37},"end":{"line":31,"column":2}}},"4":{"name":"(anonymous_5)","decl":{"start":{"line":33,"column":9},"end":{"line":33,"column":22}},"loc":{"start":{"line":33,"column":65},"end":{"line":47,"column":2}}},"5":{"name":"(anonymous_6)","decl":{"start":{"line":49,"column":9},"end":{"line":49,"column":17}},"loc":{"start":{"line":49,"column":60},"end":{"line":89,"column":2}}},"6":{"name":"(anonymous_7)","decl":{"start":{"line":71,"column":42},"end":{"line":71,"column":43}},"loc":{"start":{"line":71,"column":50},"end":{"line":75,"column":6}}},"7":{"name":"(anonymous_8)","decl":{"start":{"line":79,"column":41},"end":{"line":79,"column":42}},"loc":{"start":{"line":79,"column":49},"end":{"line":83,"column":5}}},"8":{"name":"(anonymous_9)","decl":{"start":{"line":92,"column":8},"end":{"line":92,"column":12}},"loc":{"start":{"line":92,"column":40},"end":{"line":94,"column":2}}},"9":{"name":"(anonymous_10)","decl":{"start":{"line":96,"column":8},"end":{"line":96,"column":13}},"loc":{"start":{"line":96,"column":41},"end":{"line":98,"column":2}}},"10":{"name":"(anonymous_11)","decl":{"start":{"line":100,"column":8},"end":{"line":100,"column":12}},"loc":{"start":{"line":100,"column":40},"end":{"line":102,"column":2}}},"11":{"name":"(anonymous_12)","decl":{"start":{"line":104,"column":8},"end":{"line":104,"column":13}},"loc":{"start":{"line":104,"column":41},"end":{"line":108,"column":2}}}},"branchMap":{"0":{"loc":{"start":{"line":14,"column":2},"end":{"line":16,"column":3}},"type":"if","locations":[{"start":{"line":14,"column":2},"end":{"line":16,"column":3}}]},"1":{"loc":{"start":{"line":22,"column":3},"end":{"line":24,"column":4}},"type":"if","locations":[{"start":{"line":22,"column":3},"end":{"line":24,"column":4}}]},"2":{"loc":{"start":{"line":37,"column":2},"end":{"line":44,"column":3}},"type":"if","locations":[{"start":{"line":37,"column":2},"end":{"line":44,"column":3}}]},"3":{"loc":{"start":{"line":55,"column":3},"end":{"line":57,"column":4}},"type":"if","locations":[{"start":{"line":55,"column":3},"end":{"line":57,"column":4}}]},"4":{"loc":{"start":{"line":63,"column":3},"end":{"line":84,"column":4}},"type":"if","locations":[{"start":{"line":63,"column":3},"end":{"line":84,"column":4}},{"start":{"line":77,"column":10},"end":{"line":84,"column":4}}]},"5":{"loc":{"start":{"line":72,"column":6},"end":{"line":74,"column":7}},"type":"if","locations":[{"start":{"line":72,"column":6},"end":{"line":74,"column":7}}]},"6":{"loc":{"start":{"line":80,"column":5},"end":{"line":82,"column":6}},"type":"if","locations":[{"start":{"line":80,"column":5},"end":{"line":82,"column":6}}]},"7":{"loc":{"start":{"line":105,"column":2},"end":{"line":107,"column":3}},"type":"if","locations":[{"start":{"line":105,"column":2},"end":{"line":107,"column":3}}]}},"s":{"0":1,"1":1,"2":1,"3":1,"4":1,"5":1,"6":0,"7":1,"8":1,"9":2,"10":2,"11":0,"12":0,"13":0,"14":0,"15":0,"16":0,"17":0,"18":0,"19":0,"20":0,"21":0,"22":0,"23":0,"24":0,"25":0,"26":0,"27":0,"28":0,"29":0,"30":0,"31":0,"32":0,"33":0,"34":0,"35":0,"36":0,"37":0,"38":0,"39":0,"40":0,"41":0,"42":0,"43":1},"f":{"0":1,"1":1,"2":2,"3":0,"4":0,"5":0,"6":0,"7":0,"8":0,"9":0,"10":0,"11":0},"b":{"0":[0],"1":[0],"2":[0],"3":[0],"4":[0,0],"5":[0],"6":[0],"7":[0]}}
,"C:\\Users\\ACER\\Downloads\\Group08-Ex-TKPM\\backend\\src\\services\\transcript.service.ts": {"path":"C:\\Users\\ACER\\Downloads\\Group08-Ex-TKPM\\backend\\src\\services\\transcript.service.ts","statementMap":{"0":{"start":{"line":1,"column":0},"end":{"line":1,"column":68}},"1":{"start":{"line":2,"column":0},"end":{"line":2,"column":82}},"2":{"start":{"line":3,"column":0},"end":{"line":3,"column":74}},"3":{"start":{"line":4,"column":0},"end":{"line":4,"column":82}},"4":{"start":{"line":5,"column":0},"end":{"line":5,"column":61}},"5":{"start":{"line":6,"column":0},"end":{"line":6,"column":41}},"6":{"start":{"line":11,"column":18},"end":{"line":11,"column":49}},"7":{"start":{"line":12,"column":2},"end":{"line":14,"column":3}},"8":{"start":{"line":13,"column":3},"end":{"line":13,"column":48}},"9":{"start":{"line":17,"column":18},"end":{"line":19,"column":3}},"10":{"start":{"line":18,"column":3},"end":{"line":18,"column":82}},"11":{"start":{"line":21,"column":2},"end":{"line":27,"column":4}},"12":{"start":{"line":31,"column":18},"end":{"line":31,"column":50}},"13":{"start":{"line":32,"column":2},"end":{"line":34,"column":3}},"14":{"start":{"line":33,"column":3},"end":{"line":33,"column":48}},"15":{"start":{"line":37,"column":22},"end":{"line":37,"column":76}},"16":{"start":{"line":38,"column":2},"end":{"line":38,"column":82}},"17":{"start":{"line":40,"column":2},"end":{"line":43,"column":3}},"18":{"start":{"line":41,"column":3},"end":{"line":41,"column":62}},"19":{"start":{"line":42,"column":3},"end":{"line":42,"column":13}},"20":{"start":{"line":45,"column":30},"end":{"line":45,"column":39}},"21":{"start":{"line":47,"column":20},"end":{"line":53,"column":3}},"22":{"start":{"line":49,"column":3},"end":{"line":51,"column":4}},"23":{"start":{"line":50,"column":4},"end":{"line":50,"column":35}},"24":{"start":{"line":52,"column":3},"end":{"line":52,"column":13}},"25":{"start":{"line":55,"column":2},"end":{"line":63,"column":5}},"26":{"start":{"line":56,"column":20},"end":{"line":56,"column":47}},"27":{"start":{"line":57,"column":3},"end":{"line":57,"column":67}},"28":{"start":{"line":58,"column":3},"end":{"line":62,"column":4}},"29":{"start":{"line":61,"column":4},"end":{"line":61,"column":50}},"30":{"start":{"line":65,"column":28},"end":{"line":65,"column":68}},"31":{"start":{"line":67,"column":17},"end":{"line":86,"column":5}},"32":{"start":{"line":67,"column":76},"end":{"line":86,"column":4}},"33":{"start":{"line":68,"column":22},"end":{"line":68,"column":71}},"34":{"start":{"line":69,"column":3},"end":{"line":71,"column":4}},"35":{"start":{"line":70,"column":4},"end":{"line":70,"column":16}},"36":{"start":{"line":73,"column":21},"end":{"line":73,"column":75}},"37":{"start":{"line":75,"column":3},"end":{"line":77,"column":4}},"38":{"start":{"line":76,"column":4},"end":{"line":76,"column":16}},"39":{"start":{"line":79,"column":3},"end":{"line":85,"column":null}},"40":{"start":{"line":88,"column":2},"end":{"line":88,"column":48}},"41":{"start":{"line":88,"column":32},"end":{"line":88,"column":46}},"42":{"start":{"line":92,"column":22},"end":{"line":92,"column":58}},"43":{"start":{"line":93,"column":24},"end":{"line":93,"column":62}},"44":{"start":{"line":96,"column":21},"end":{"line":96,"column":22}},"45":{"start":{"line":97,"column":27},"end":{"line":97,"column":28}},"46":{"start":{"line":98,"column":28},"end":{"line":98,"column":29}},"47":{"start":{"line":101,"column":2},"end":{"line":109,"column":5}},"48":{"start":{"line":103,"column":3},"end":{"line":103,"column":59}},"49":{"start":{"line":103,"column":52},"end":{"line":103,"column":59}},"50":{"start":{"line":105,"column":19},"end":{"line":105,"column":32}},"51":{"start":{"line":106,"column":3},"end":{"line":106,"column":27}},"52":{"start":{"line":107,"column":3},"end":{"line":107,"column":52}},"53":{"start":{"line":108,"column":3},"end":{"line":108,"column":54}},"54":{"start":{"line":112,"column":21},"end":{"line":113,"column":61}},"55":{"start":{"line":115,"column":20},"end":{"line":116,"column":62}},"56":{"start":{"line":118,"column":2},"end":{"line":126,"column":4}},"57":{"start":{"line":130,"column":0},"end":{"line":130,"column":39}}},"fnMap":{"0":{"name":"(anonymous_7)","decl":{"start":{"line":10,"column":15},"end":{"line":10,"column":29}},"loc":{"start":{"line":10,"column":47},"end":{"line":28,"column":null}}},"1":{"name":"(anonymous_9)","decl":{"start":{"line":17,"column":18},"end":{"line":17,"column":19}},"loc":{"start":{"line":17,"column":41},"end":{"line":19,"column":3}}},"2":{"name":"(anonymous_10)","decl":{"start":{"line":30,"column":15},"end":{"line":30,"column":31}},"loc":{"start":{"line":30,"column":49},"end":{"line":89,"column":null}}},"3":{"name":"(anonymous_12)","decl":{"start":{"line":47,"column":20},"end":{"line":47,"column":21}},"loc":{"start":{"line":47,"column":43},"end":{"line":53,"column":3}}},"4":{"name":"(anonymous_13)","decl":{"start":{"line":55,"column":22},"end":{"line":55,"column":32}},"loc":{"start":{"line":55,"column":35},"end":{"line":63,"column":3}}},"5":{"name":"(anonymous_14)","decl":{"start":{"line":67,"column":57},"end":{"line":67,"column":63}},"loc":{"start":{"line":67,"column":76},"end":{"line":86,"column":4}}},"6":{"name":"(anonymous_15)","decl":{"start":{"line":67,"column":76},"end":{"line":67,"column":null}},"loc":{"start":{"line":67,"column":76},"end":{"line":86,"column":3}}},"7":{"name":"(anonymous_16)","decl":{"start":{"line":88,"column":23},"end":{"line":88,"column":28}},"loc":{"start":{"line":88,"column":32},"end":{"line":88,"column":46}}},"8":{"name":"(anonymous_17)","decl":{"start":{"line":91,"column":7},"end":{"line":91,"column":25}},"loc":{"start":{"line":91,"column":43},"end":{"line":127,"column":null}}},"9":{"name":"(anonymous_19)","decl":{"start":{"line":101,"column":24},"end":{"line":101,"column":29}},"loc":{"start":{"line":101,"column":32},"end":{"line":109,"column":3}}}},"branchMap":{"0":{"loc":{"start":{"line":12,"column":2},"end":{"line":14,"column":3}},"type":"if","locations":[{"start":{"line":12,"column":2},"end":{"line":14,"column":3}}]},"1":{"loc":{"start":{"line":18,"column":10},"end":{"line":18,"column":81}},"type":"cond-expr","locations":[{"start":{"line":18,"column":66},"end":{"line":18,"column":76}},{"start":{"line":18,"column":79},"end":{"line":18,"column":81}}]},"2":{"loc":{"start":{"line":18,"column":10},"end":{"line":18,"column":63}},"type":"binary-expr","locations":[{"start":{"line":18,"column":10},"end":{"line":18,"column":15}},{"start":{"line":18,"column":19},"end":{"line":18,"column":44}},{"start":{"line":18,"column":48},"end":{"line":18,"column":63}}]},"3":{"loc":{"start":{"line":32,"column":2},"end":{"line":34,"column":3}},"type":"if","locations":[{"start":{"line":32,"column":2},"end":{"line":34,"column":3}}]},"4":{"loc":{"start":{"line":40,"column":2},"end":{"line":43,"column":3}},"type":"if","locations":[{"start":{"line":40,"column":2},"end":{"line":43,"column":3}}]},"5":{"loc":{"start":{"line":49,"column":3},"end":{"line":51,"column":4}},"type":"if","locations":[{"start":{"line":49,"column":3},"end":{"line":51,"column":4}}]},"6":{"loc":{"start":{"line":49,"column":7},"end":{"line":49,"column":62}},"type":"binary-expr","locations":[{"start":{"line":49,"column":7},"end":{"line":49,"column":12}},{"start":{"line":49,"column":16},"end":{"line":49,"column":41}},{"start":{"line":49,"column":45},"end":{"line":49,"column":62}}]},"7":{"loc":{"start":{"line":58,"column":3},"end":{"line":62,"column":4}},"type":"if","locations":[{"start":{"line":58,"column":3},"end":{"line":62,"column":4}}]},"8":{"loc":{"start":{"line":58,"column":7},"end":{"line":59,"column":100}},"type":"binary-expr","locations":[{"start":{"line":58,"column":7},"end":{"line":58,"column":41}},{"start":{"line":59,"column":4},"end":{"line":59,"column":100}}]},"9":{"loc":{"start":{"line":69,"column":3},"end":{"line":71,"column":4}},"type":"if","locations":[{"start":{"line":69,"column":3},"end":{"line":71,"column":4}}]},"10":{"loc":{"start":{"line":75,"column":3},"end":{"line":77,"column":4}},"type":"if","locations":[{"start":{"line":75,"column":3},"end":{"line":77,"column":4}}]},"11":{"loc":{"start":{"line":103,"column":3},"end":{"line":103,"column":59}},"type":"if","locations":[{"start":{"line":103,"column":3},"end":{"line":103,"column":59}}]},"12":{"loc":{"start":{"line":103,"column":7},"end":{"line":103,"column":50}},"type":"binary-expr","locations":[{"start":{"line":103,"column":7},"end":{"line":103,"column":13}},{"start":{"line":103,"column":17},"end":{"line":103,"column":50}}]},"13":{"loc":{"start":{"line":112,"column":21},"end":{"line":113,"column":61}},"type":"cond-expr","locations":[{"start":{"line":113,"column":3},"end":{"line":113,"column":57}},{"start":{"line":113,"column":60},"end":{"line":113,"column":61}}]},"14":{"loc":{"start":{"line":115,"column":20},"end":{"line":116,"column":62}},"type":"cond-expr","locations":[{"start":{"line":116,"column":3},"end":{"line":116,"column":58}},{"start":{"line":116,"column":61},"end":{"line":116,"column":62}}]}},"s":{"0":1,"1":1,"2":1,"3":1,"4":1,"5":1,"6":4,"7":4,"8":1,"9":3,"10":6,"11":3,"12":3,"13":3,"14":0,"15":3,"16":3,"17":3,"18":1,"19":1,"20":2,"21":2,"22":4,"23":4,"24":0,"25":2,"26":2,"27":2,"28":2,"29":2,"30":2,"31":2,"32":2,"33":2,"34":2,"35":1,"36":1,"37":1,"38":0,"39":1,"40":2,"41":2,"42":4,"43":3,"44":3,"45":3,"46":3,"47":3,"48":1,"49":0,"50":1,"51":1,"52":1,"53":1,"54":3,"55":3,"56":3,"57":1},"f":{"0":4,"1":6,"2":3,"3":4,"4":2,"5":2,"6":2,"7":2,"8":4,"9":1},"b":{"0":[1],"1":[6,0],"2":[6,6,6],"3":[0],"4":[1],"5":[4],"6":[4,4,4],"7":[2],"8":[2,0],"9":[1],"10":[0],"11":[0],"12":[1,1],"13":[1,2],"14":[1,2]}}
,"C:\\Users\\ACER\\Downloads\\Group08-Ex-TKPM\\backend\\src\\utils\\index.ts": {"path":"C:\\Users\\ACER\\Downloads\\Group08-Ex-TKPM\\backend\\src\\utils\\index.ts","statementMap":{"0":{"start":{"line":34,"column":31},"end":{"line":74,"column":2}},"1":{"start":{"line":37,"column":34},"end":{"line":74,"column":2}},"2":{"start":{"line":38,"column":14},"end":{"line":38,"column":32}},"3":{"start":{"line":41,"column":16},"end":{"line":41,"column":85}},"4":{"start":{"line":44,"column":13},"end":{"line":48,"column":23}},"5":{"start":{"line":51,"column":1},"end":{"line":55,"column":2}},"6":{"start":{"line":52,"column":2},"end":{"line":54,"column":5}},"7":{"start":{"line":53,"column":3},"end":{"line":53,"column":42}},"8":{"start":{"line":58,"column":33},"end":{"line":61,"column":3}},"9":{"start":{"line":63,"column":19},"end":{"line":63,"column":54}},"10":{"start":{"line":65,"column":1},"end":{"line":73,"column":3}},"11":{"start":{"line":34,"column":13},"end":{"line":34,"column":31}},"12":{"start":{"line":78,"column":29},"end":{"line":92,"column":1}},"13":{"start":{"line":79,"column":22},"end":{"line":79,"column":24}},"14":{"start":{"line":81,"column":1},"end":{"line":89,"column":2}},"15":{"start":{"line":82,"column":20},"end":{"line":82,"column":53}},"16":{"start":{"line":84,"column":2},"end":{"line":88,"column":3}},"17":{"start":{"line":85,"column":3},"end":{"line":85,"column":58}},"18":{"start":{"line":87,"column":3},"end":{"line":87,"column":24}},"19":{"start":{"line":91,"column":1},"end":{"line":91,"column":13}},"20":{"start":{"line":78,"column":13},"end":{"line":78,"column":29}},"21":{"start":{"line":94,"column":29},"end":{"line":97,"column":1}},"22":{"start":{"line":95,"column":1},"end":{"line":95,"column":21}},"23":{"start":{"line":95,"column":11},"end":{"line":95,"column":21}},"24":{"start":{"line":96,"column":1},"end":{"line":96,"column":16}},"25":{"start":{"line":94,"column":13},"end":{"line":94,"column":29}}},"fnMap":{"0":{"name":"(anonymous_7)","decl":{"start":{"line":34,"column":31},"end":{"line":34,"column":null}},"loc":{"start":{"line":37,"column":34},"end":{"line":74,"column":2}}},"1":{"name":"(anonymous_8)","decl":{"start":{"line":37,"column":34},"end":{"line":37,"column":null}},"loc":{"start":{"line":36,"column":65},"end":{"line":74,"column":1}}},"2":{"name":"(anonymous_9)","decl":{"start":{"line":52,"column":19},"end":{"line":52,"column":33}},"loc":{"start":{"line":52,"column":36},"end":{"line":54,"column":3}}},"3":{"name":"(anonymous_10)","decl":{"start":{"line":78,"column":29},"end":{"line":78,"column":30}},"loc":{"start":{"line":78,"column":65},"end":{"line":92,"column":1}}},"4":{"name":"(anonymous_11)","decl":{"start":{"line":94,"column":29},"end":{"line":94,"column":30}},"loc":{"start":{"line":94,"column":67},"end":{"line":97,"column":1}}}},"branchMap":{"0":{"loc":{"start":{"line":41,"column":16},"end":{"line":41,"column":85}},"type":"cond-expr","locations":[{"start":{"line":41,"column":35},"end":{"line":41,"column":59}},{"start":{"line":41,"column":62},"end":{"line":41,"column":85}}]},"1":{"loc":{"start":{"line":48,"column":10},"end":{"line":48,"column":22}},"type":"binary-expr","locations":[{"start":{"line":48,"column":10},"end":{"line":48,"column":16}},{"start":{"line":48,"column":20},"end":{"line":48,"column":22}}]},"2":{"loc":{"start":{"line":51,"column":1},"end":{"line":55,"column":2}},"type":"if","locations":[{"start":{"line":51,"column":1},"end":{"line":55,"column":2}}]},"3":{"loc":{"start":{"line":51,"column":5},"end":{"line":51,"column":36}},"type":"binary-expr","locations":[{"start":{"line":51,"column":5},"end":{"line":51,"column":13}},{"start":{"line":51,"column":17},"end":{"line":51,"column":36}}]},"4":{"loc":{"start":{"line":78,"column":40},"end":{"line":78,"column":51}},"type":"default-arg","locations":[{"start":{"line":78,"column":49},"end":{"line":78,"column":51}}]},"5":{"loc":{"start":{"line":82,"column":20},"end":{"line":82,"column":53}},"type":"cond-expr","locations":[{"start":{"line":82,"column":29},"end":{"line":82,"column":47}},{"start":{"line":82,"column":50},"end":{"line":82,"column":53}}]},"6":{"loc":{"start":{"line":84,"column":2},"end":{"line":88,"column":3}},"type":"if","locations":[{"start":{"line":84,"column":2},"end":{"line":88,"column":3}},{"start":{"line":86,"column":9},"end":{"line":88,"column":3}}]},"7":{"loc":{"start":{"line":84,"column":6},"end":{"line":84,"column":86}},"type":"binary-expr","locations":[{"start":{"line":84,"column":6},"end":{"line":84,"column":23}},{"start":{"line":84,"column":27},"end":{"line":84,"column":55}},{"start":{"line":84,"column":59},"end":{"line":84,"column":86}}]},"8":{"loc":{"start":{"line":95,"column":1},"end":{"line":95,"column":21}},"type":"if","locations":[{"start":{"line":95,"column":1},"end":{"line":95,"column":21}}]}},"s":{"0":3,"1":0,"2":0,"3":0,"4":0,"5":0,"6":0,"7":0,"8":0,"9":0,"10":0,"11":3,"12":3,"13":0,"14":0,"15":0,"16":0,"17":0,"18":0,"19":0,"20":3,"21":3,"22":4,"23":0,"24":4,"25":3},"f":{"0":0,"1":0,"2":0,"3":0,"4":4},"b":{"0":[0,0],"1":[0,0],"2":[0],"3":[0,0],"4":[0],"5":[0,0],"6":[0,0],"7":[0,0,0],"8":[0]}}
}
