{"C:\\Users\\ACER\\Downloads\\Group08-Ex-TKPM\\backend\\src\\responses\\error.responses.ts": {"path":"C:\\Users\\ACER\\Downloads\\Group08-Ex-TKPM\\backend\\src\\responses\\error.responses.ts","statementMap":{"0":{"start":{"line":17,"column":37},"end":{"line":23,"column":null}},"1":{"start":{"line":25,"column":41},"end":{"line":31,"column":null}},"2":{"start":{"line":37,"column":2},"end":{"line":37,"column":17}},"3":{"start":{"line":38,"column":2},"end":{"line":38,"column":23}},"4":{"start":{"line":41,"column":2},"end":{"line":41,"column":52}},"5":{"start":{"line":42,"column":2},"end":{"line":42,"column":50}},"6":{"start":{"line":33,"column":0},"end":{"line":33,"column":13}},"7":{"start":{"line":51,"column":2},"end":{"line":51,"column":29}},"8":{"start":{"line":46,"column":0},"end":{"line":46,"column":13}},"9":{"start":{"line":60,"column":2},"end":{"line":60,"column":29}},"10":{"start":{"line":55,"column":0},"end":{"line":55,"column":13}},"11":{"start":{"line":69,"column":2},"end":{"line":69,"column":29}},"12":{"start":{"line":64,"column":0},"end":{"line":64,"column":13}},"13":{"start":{"line":78,"column":2},"end":{"line":78,"column":29}},"14":{"start":{"line":73,"column":0},"end":{"line":73,"column":13}},"15":{"start":{"line":87,"column":2},"end":{"line":87,"column":29}},"16":{"start":{"line":82,"column":0},"end":{"line":82,"column":13}}},"fnMap":{"0":{"name":"(anonymous_0)","decl":{"start":{"line":36,"column":1},"end":{"line":36,"column":13}},"loc":{"start":{"line":36,"column":44},"end":{"line":43,"column":2}}},"1":{"name":"(anonymous_1)","decl":{"start":{"line":47,"column":1},"end":{"line":47,"column":null}},"loc":{"start":{"line":49,"column":43},"end":{"line":52,"column":2}}},"2":{"name":"(anonymous_2)","decl":{"start":{"line":56,"column":1},"end":{"line":56,"column":null}},"loc":{"start":{"line":58,"column":46},"end":{"line":61,"column":2}}},"3":{"name":"(anonymous_3)","decl":{"start":{"line":65,"column":1},"end":{"line":65,"column":null}},"loc":{"start":{"line":67,"column":47},"end":{"line":70,"column":2}}},"4":{"name":"(anonymous_4)","decl":{"start":{"line":74,"column":1},"end":{"line":74,"column":null}},"loc":{"start":{"line":76,"column":44},"end":{"line":79,"column":2}}},"5":{"name":"(anonymous_5)","decl":{"start":{"line":83,"column":1},"end":{"line":83,"column":null}},"loc":{"start":{"line":85,"column":44},"end":{"line":88,"column":2}}}},"branchMap":{"0":{"loc":{"start":{"line":48,"column":2},"end":{"line":48,"column":42}},"type":"default-arg","locations":[{"start":{"line":48,"column":20},"end":{"line":48,"column":42}}]},"1":{"loc":{"start":{"line":49,"column":2},"end":{"line":49,"column":43}},"type":"default-arg","locations":[{"start":{"line":49,"column":23},"end":{"line":49,"column":43}}]},"2":{"loc":{"start":{"line":57,"column":2},"end":{"line":57,"column":45}},"type":"default-arg","locations":[{"start":{"line":57,"column":20},"end":{"line":57,"column":45}}]},"3":{"loc":{"start":{"line":58,"column":2},"end":{"line":58,"column":46}},"type":"default-arg","locations":[{"start":{"line":58,"column":23},"end":{"line":58,"column":46}}]},"4":{"loc":{"start":{"line":66,"column":2},"end":{"line":66,"column":46}},"type":"default-arg","locations":[{"start":{"line":66,"column":20},"end":{"line":66,"column":46}}]},"5":{"loc":{"start":{"line":67,"column":2},"end":{"line":67,"column":47}},"type":"default-arg","locations":[{"start":{"line":67,"column":23},"end":{"line":67,"column":47}}]},"6":{"loc":{"start":{"line":75,"column":2},"end":{"line":75,"column":43}},"type":"default-arg","locations":[{"start":{"line":75,"column":20},"end":{"line":75,"column":43}}]},"7":{"loc":{"start":{"line":76,"column":2},"end":{"line":76,"column":44}},"type":"default-arg","locations":[{"start":{"line":76,"column":23},"end":{"line":76,"column":44}}]},"8":{"loc":{"start":{"line":84,"column":2},"end":{"line":84,"column":43}},"type":"default-arg","locations":[{"start":{"line":84,"column":20},"end":{"line":84,"column":43}}]},"9":{"loc":{"start":{"line":85,"column":2},"end":{"line":85,"column":44}},"type":"default-arg","locations":[{"start":{"line":85,"column":23},"end":{"line":85,"column":44}}]}},"s":{"0":1,"1":1,"2":24,"3":24,"4":24,"5":24,"6":1,"7":0,"8":1,"9":10,"10":1,"11":0,"12":1,"13":14,"14":1,"15":0,"16":1},"f":{"0":24,"1":0,"2":10,"3":0,"4":14,"5":0},"b":{"0":[0],"1":[0],"2":[0],"3":[10],"4":[0],"5":[0],"6":[0],"7":[14],"8":[0],"9":[0]}}
,"C:\\Users\\ACER\\Downloads\\Group08-Ex-TKPM\\backend\\src\\services\\enrollment.service.ts": {"path":"C:\\Users\\ACER\\Downloads\\Group08-Ex-TKPM\\backend\\src\\services\\enrollment.service.ts","statementMap":{"0":{"start":{"line":1,"column":0},"end":{"line":1,"column":164}},"1":{"start":{"line":2,"column":0},"end":{"line":2,"column":78}},"2":{"start":{"line":4,"column":0},"end":{"line":4,"column":66}},"3":{"start":{"line":5,"column":0},"end":{"line":5,"column":68}},"4":{"start":{"line":6,"column":0},"end":{"line":6,"column":41}},"5":{"start":{"line":7,"column":0},"end":{"line":7,"column":86}},"6":{"start":{"line":8,"column":0},"end":{"line":8,"column":68}},"7":{"start":{"line":12,"column":35},"end":{"line":12,"column":49}},"8":{"start":{"line":15,"column":26},"end":{"line":15,"column":58}},"9":{"start":{"line":16,"column":2},"end":{"line":18,"column":3}},"10":{"start":{"line":17,"column":3},"end":{"line":17,"column":54}},"11":{"start":{"line":21,"column":24},"end":{"line":21,"column":56}},"12":{"start":{"line":22,"column":2},"end":{"line":24,"column":3}},"13":{"start":{"line":23,"column":3},"end":{"line":23,"column":52}},"14":{"start":{"line":27,"column":2},"end":{"line":29,"column":3}},"15":{"start":{"line":28,"column":3},"end":{"line":28,"column":56}},"16":{"start":{"line":32,"column":2},"end":{"line":34,"column":3}},"17":{"start":{"line":33,"column":3},"end":{"line":33,"column":47}},"18":{"start":{"line":37,"column":29},"end":{"line":39,"column":null}},"19":{"start":{"line":41,"column":2},"end":{"line":43,"column":3}},"20":{"start":{"line":42,"column":3},"end":{"line":42,"column":65}},"21":{"start":{"line":45,"column":22},"end":{"line":45,"column":64}},"22":{"start":{"line":46,"column":2},"end":{"line":48,"column":3}},"23":{"start":{"line":47,"column":3},"end":{"line":47,"column":52}},"24":{"start":{"line":50,"column":2},"end":{"line":52,"column":3}},"25":{"start":{"line":51,"column":3},"end":{"line":51,"column":56}},"26":{"start":{"line":55,"column":36},"end":{"line":56,"column":null}},"27":{"start":{"line":59,"column":30},"end":{"line":59,"column":61}},"28":{"start":{"line":62,"column":2},"end":{"line":80,"column":3}},"29":{"start":{"line":64,"column":31},"end":{"line":64,"column":87}},"30":{"start":{"line":64,"column":75},"end":{"line":64,"column":85}},"31":{"start":{"line":67,"column":32},"end":{"line":68,"column":null}},"32":{"start":{"line":68,"column":22},"end":{"line":68,"column":70}},"33":{"start":{"line":71,"column":3},"end":{"line":79,"column":4}},"34":{"start":{"line":73,"column":27},"end":{"line":73,"column":71}},"35":{"start":{"line":74,"column":31},"end":{"line":74,"column":89}},"36":{"start":{"line":74,"column":60},"end":{"line":74,"column":77}},"37":{"start":{"line":76,"column":4},"end":{"line":78,"column":6}},"38":{"start":{"line":83,"column":24},"end":{"line":86,"column":4}},"39":{"start":{"line":88,"column":2},"end":{"line":90,"column":3}},"40":{"start":{"line":89,"column":3},"end":{"line":89,"column":65}},"41":{"start":{"line":92,"column":2},"end":{"line":92,"column":23}},"42":{"start":{"line":97,"column":26},"end":{"line":97,"column":58}},"43":{"start":{"line":98,"column":2},"end":{"line":100,"column":3}},"44":{"start":{"line":99,"column":3},"end":{"line":99,"column":54}},"45":{"start":{"line":103,"column":24},"end":{"line":103,"column":56}},"46":{"start":{"line":104,"column":2},"end":{"line":106,"column":3}},"47":{"start":{"line":105,"column":3},"end":{"line":105,"column":52}},"48":{"start":{"line":109,"column":29},"end":{"line":111,"column":null}},"49":{"start":{"line":113,"column":2},"end":{"line":115,"column":3}},"50":{"start":{"line":114,"column":3},"end":{"line":114,"column":65}},"51":{"start":{"line":119,"column":19},"end":{"line":121,"column":null}},"52":{"start":{"line":124,"column":2},"end":{"line":126,"column":3}},"53":{"start":{"line":125,"column":3},"end":{"line":125,"column":51}},"54":{"start":{"line":128,"column":22},"end":{"line":128,"column":32}},"55":{"start":{"line":129,"column":23},"end":{"line":129,"column":54}},"56":{"start":{"line":130,"column":2},"end":{"line":132,"column":3}},"57":{"start":{"line":131,"column":3},"end":{"line":131,"column":55}},"58":{"start":{"line":134,"column":28},"end":{"line":137,"column":null}},"59":{"start":{"line":140,"column":2},"end":{"line":142,"column":3}},"60":{"start":{"line":141,"column":3},"end":{"line":141,"column":67}},"61":{"start":{"line":144,"column":2},"end":{"line":144,"column":27}},"62":{"start":{"line":149,"column":26},"end":{"line":149,"column":58}},"63":{"start":{"line":150,"column":2},"end":{"line":152,"column":3}},"64":{"start":{"line":151,"column":3},"end":{"line":151,"column":54}},"65":{"start":{"line":154,"column":22},"end":{"line":154,"column":84}},"66":{"start":{"line":155,"column":2},"end":{"line":157,"column":3}},"67":{"start":{"line":156,"column":3},"end":{"line":156,"column":65}},"68":{"start":{"line":159,"column":2},"end":{"line":159,"column":21}},"69":{"start":{"line":163,"column":0},"end":{"line":163,"column":33}}},"fnMap":{"0":{"name":"(anonymous_7)","decl":{"start":{"line":11,"column":1},"end":{"line":11,"column":7}},"loc":{"start":{"line":11,"column":60},"end":{"line":93,"column":null}}},"1":{"name":"(anonymous_9)","decl":{"start":{"line":64,"column":69},"end":{"line":64,"column":71}},"loc":{"start":{"line":64,"column":75},"end":{"line":64,"column":85}}},"2":{"name":"(anonymous_10)","decl":{"start":{"line":68,"column":4},"end":{"line":68,"column":18}},"loc":{"start":{"line":68,"column":22},"end":{"line":68,"column":70}}},"3":{"name":"(anonymous_11)","decl":{"start":{"line":74,"column":50},"end":{"line":74,"column":56}},"loc":{"start":{"line":74,"column":60},"end":{"line":74,"column":77}}},"4":{"name":"(anonymous_12)","decl":{"start":{"line":95,"column":1},"end":{"line":95,"column":7}},"loc":{"start":{"line":95,"column":82},"end":{"line":145,"column":null}}},"5":{"name":"(anonymous_14)","decl":{"start":{"line":147,"column":1},"end":{"line":147,"column":7}},"loc":{"start":{"line":147,"column":46},"end":{"line":160,"column":null}}}},"branchMap":{"0":{"loc":{"start":{"line":16,"column":2},"end":{"line":18,"column":3}},"type":"if","locations":[{"start":{"line":16,"column":2},"end":{"line":18,"column":3}}]},"1":{"loc":{"start":{"line":22,"column":2},"end":{"line":24,"column":3}},"type":"if","locations":[{"start":{"line":22,"column":2},"end":{"line":24,"column":3}}]},"2":{"loc":{"start":{"line":27,"column":2},"end":{"line":29,"column":3}},"type":"if","locations":[{"start":{"line":27,"column":2},"end":{"line":29,"column":3}}]},"3":{"loc":{"start":{"line":32,"column":2},"end":{"line":34,"column":3}},"type":"if","locations":[{"start":{"line":32,"column":2},"end":{"line":34,"column":3}}]},"4":{"loc":{"start":{"line":41,"column":2},"end":{"line":43,"column":3}},"type":"if","locations":[{"start":{"line":41,"column":2},"end":{"line":43,"column":3}}]},"5":{"loc":{"start":{"line":46,"column":2},"end":{"line":48,"column":3}},"type":"if","locations":[{"start":{"line":46,"column":2},"end":{"line":48,"column":3}}]},"6":{"loc":{"start":{"line":50,"column":2},"end":{"line":52,"column":3}},"type":"if","locations":[{"start":{"line":50,"column":2},"end":{"line":52,"column":3}}]},"7":{"loc":{"start":{"line":59,"column":30},"end":{"line":59,"column":61}},"type":"binary-expr","locations":[{"start":{"line":59,"column":30},"end":{"line":59,"column":55}},{"start":{"line":59,"column":59},"end":{"line":59,"column":61}}]},"8":{"loc":{"start":{"line":62,"column":2},"end":{"line":80,"column":3}},"type":"if","locations":[{"start":{"line":62,"column":2},"end":{"line":80,"column":3}}]},"9":{"loc":{"start":{"line":71,"column":3},"end":{"line":79,"column":4}},"type":"if","locations":[{"start":{"line":71,"column":3},"end":{"line":79,"column":4}}]},"10":{"loc":{"start":{"line":88,"column":2},"end":{"line":90,"column":3}},"type":"if","locations":[{"start":{"line":88,"column":2},"end":{"line":90,"column":3}}]},"11":{"loc":{"start":{"line":98,"column":2},"end":{"line":100,"column":3}},"type":"if","locations":[{"start":{"line":98,"column":2},"end":{"line":100,"column":3}}]},"12":{"loc":{"start":{"line":104,"column":2},"end":{"line":106,"column":3}},"type":"if","locations":[{"start":{"line":104,"column":2},"end":{"line":106,"column":3}}]},"13":{"loc":{"start":{"line":113,"column":2},"end":{"line":115,"column":3}},"type":"if","locations":[{"start":{"line":113,"column":2},"end":{"line":115,"column":3}}]},"14":{"loc":{"start":{"line":124,"column":2},"end":{"line":126,"column":3}},"type":"if","locations":[{"start":{"line":124,"column":2},"end":{"line":126,"column":3}}]},"15":{"loc":{"start":{"line":130,"column":2},"end":{"line":132,"column":3}},"type":"if","locations":[{"start":{"line":130,"column":2},"end":{"line":132,"column":3}}]},"16":{"loc":{"start":{"line":140,"column":2},"end":{"line":142,"column":3}},"type":"if","locations":[{"start":{"line":140,"column":2},"end":{"line":142,"column":3}}]},"17":{"loc":{"start":{"line":150,"column":2},"end":{"line":152,"column":3}},"type":"if","locations":[{"start":{"line":150,"column":2},"end":{"line":152,"column":3}}]},"18":{"loc":{"start":{"line":155,"column":2},"end":{"line":157,"column":3}},"type":"if","locations":[{"start":{"line":155,"column":2},"end":{"line":157,"column":3}}]},"19":{"loc":{"start":{"line":155,"column":6},"end":{"line":155,"column":46}},"type":"binary-expr","locations":[{"start":{"line":155,"column":6},"end":{"line":155,"column":18}},{"start":{"line":155,"column":22},"end":{"line":155,"column":46}}]}},"s":{"0":1,"1":1,"2":1,"3":1,"4":1,"5":1,"6":1,"7":9,"8":9,"9":9,"10":1,"11":8,"12":8,"13":1,"14":7,"15":1,"16":6,"17":1,"18":5,"19":5,"20":1,"21":4,"22":4,"23":1,"24":3,"25":1,"26":2,"27":2,"28":2,"29":2,"30":2,"31":2,"32":3,"33":2,"34":1,"35":1,"36":1,"37":1,"38":1,"39":1,"40":0,"41":1,"42":3,"43":3,"44":1,"45":2,"46":2,"47":1,"48":1,"49":1,"50":1,"51":0,"52":0,"53":0,"54":0,"55":0,"56":0,"57":0,"58":0,"59":0,"60":0,"61":0,"62":2,"63":2,"64":1,"65":1,"66":1,"67":0,"68":1,"69":1},"f":{"0":9,"1":2,"2":3,"3":1,"4":3,"5":2},"b":{"0":[1],"1":[1],"2":[1],"3":[1],"4":[1],"5":[1],"6":[1],"7":[2,0],"8":[2],"9":[1],"10":[0],"11":[1],"12":[1],"13":[1],"14":[0],"15":[0],"16":[0],"17":[1],"18":[0],"19":[1,1]}}
}
