TN:
SF:src\models\class.model.ts
FN:39,(anonymous_0)
FN:85,(anonymous_1)
FNF:2
FNH:2
FNDA:22,(anonymous_0)
FNDA:11,(anonymous_1)
DA:1,8
DA:4,8
DA:5,8
DA:7,8
DA:40,22
DA:52,8
DA:86,11
DA:105,8
LF:8
LH:8
BRF:0
BRH:0
end_of_record
TN:
SF:src\models\course.model.ts
FNF:0
FNH:0
DA:1,3
DA:4,3
DA:5,3
DA:7,3
DA:50,3
LF:5
LH:5
BRF:0
BRH:0
end_of_record
TN:
SF:src\models\department.model.ts
FNF:0
FNH:0
DA:1,4
DA:3,4
DA:5,4
DA:6,4
DA:8,4
DA:20,4
DA:22,4
LF:7
LH:7
BRF:0
BRH:0
end_of_record
TN:
SF:src\models\enrollment.model.ts
FNF:0
FNH:0
DA:1,4
DA:2,4
DA:4,4
DA:5,4
DA:7,4
DA:38,4
LF:6
LH:6
BRF:0
BRH:0
end_of_record
TN:
SF:src\models\grade.model.ts
FNF:0
FNH:0
DA:1,2
DA:4,2
DA:5,2
DA:7,2
DA:42,2
LF:5
LH:5
BRF:0
BRH:0
end_of_record
TN:
SF:src\models\program.model.ts
FNF:0
FNH:0
DA:1,1
DA:4,1
DA:5,1
DA:7,1
DA:19,1
LF:5
LH:5
BRF:0
BRH:0
end_of_record
TN:
SF:src\models\student.model.ts
FNF:0
FNH:0
DA:1,5
DA:2,5
DA:3,5
DA:5,5
DA:6,5
DA:8,5
DA:87,5
DA:93,5
DA:107,5
DA:109,5
LF:10
LH:10
BRF:0
BRH:0
end_of_record
TN:
SF:src\models\studentStatus.model.ts
FNF:0
FNH:0
DA:1,5
DA:4,5
DA:5,5
DA:7,5
DA:19,5
LF:5
LH:5
BRF:0
BRH:0
end_of_record
TN:
SF:src\models\studentStatusTransition.model.ts
FNF:0
FNH:0
DA:1,5
DA:4,5
DA:5,5
DA:7,5
DA:23,5
LF:5
LH:5
BRF:0
BRH:0
end_of_record
TN:
SF:src\models\hooks\department.hook.ts
FN:5,(anonymous_1)
FN:7,(anonymous_2)
FN:14,(anonymous_3)
FN:23,(anonymous_4)
FN:33,(anonymous_5)
FNF:5
FNH:3
FNDA:4,(anonymous_1)
FNDA:5,(anonymous_2)
FNDA:5,(anonymous_3)
FNDA:0,(anonymous_4)
FNDA:0,(anonymous_5)
DA:3,4
DA:5,4
DA:7,4
DA:9,5
DA:10,5
DA:14,4
DA:15,5
DA:16,5
DA:23,4
DA:24,0
DA:25,0
DA:33,4
DA:34,0
DA:35,0
LF:14
LH:10
BRDA:9,0,0,5
BRDA:9,0,1,0
BRDA:16,1,0,5
BRDA:16,1,1,0
BRDA:17,2,0,0
BRDA:17,2,1,5
BRDA:17,3,0,5
BRDA:17,3,1,5
BRDA:24,4,0,0
BRDA:34,5,0,0
BRF:10
BRH:5
end_of_record
TN:
SF:src\models\hooks\student.hook.ts
FN:5,(anonymous_1)
FN:7,(anonymous_2)
FN:14,(anonymous_3)
FN:23,(anonymous_4)
FN:33,(anonymous_5)
FN:43,(anonymous_6)
FN:45,(anonymous_7)
FN:52,(anonymous_8)
FN:61,(anonymous_9)
FN:71,(anonymous_10)
FNF:10
FNH:5
FNDA:5,(anonymous_1)
FNDA:5,(anonymous_2)
FNDA:5,(anonymous_3)
FNDA:2,(anonymous_4)
FNDA:2,(anonymous_5)
FNDA:0,(anonymous_6)
FNDA:0,(anonymous_7)
FNDA:0,(anonymous_8)
FNDA:0,(anonymous_9)
FNDA:0,(anonymous_10)
DA:3,5
DA:5,5
DA:7,5
DA:9,5
DA:10,5
DA:14,5
DA:15,5
DA:16,5
DA:23,5
DA:24,2
DA:25,1
DA:33,5
DA:34,2
DA:35,1
DA:43,5
DA:45,0
DA:47,0
DA:48,0
DA:52,0
DA:53,0
DA:54,0
DA:61,0
DA:62,0
DA:63,0
DA:71,0
DA:72,0
DA:73,0
LF:27
LH:15
BRDA:9,0,0,5
BRDA:9,0,1,0
BRDA:16,1,0,5
BRDA:16,1,1,0
BRDA:17,2,0,0
BRDA:17,2,1,5
BRDA:17,3,0,5
BRDA:17,3,1,5
BRDA:24,4,0,1
BRDA:34,5,0,1
BRDA:47,6,0,0
BRDA:47,6,1,0
BRDA:54,7,0,0
BRDA:54,7,1,0
BRDA:55,8,0,0
BRDA:55,8,1,0
BRDA:55,9,0,0
BRDA:55,9,1,0
BRDA:62,10,0,0
BRDA:72,11,0,0
BRF:20
BRH:7
end_of_record
TN:
SF:src\models\interfaces\enrollment.interface.ts
FN:3,(anonymous_0)
FNF:1
FNH:1
FNDA:4,(anonymous_0)
DA:3,4
DA:4,4
DA:5,4
DA:6,4
LF:4
LH:4
BRDA:3,0,0,4
BRDA:3,0,1,4
BRF:2
BRH:2
end_of_record
TN:
SF:src\models\interfaces\student.interface.ts
FN:3,(anonymous_0)
FN:8,(anonymous_1)
FNF:2
FNH:2
FNDA:6,(anonymous_0)
FNDA:6,(anonymous_1)
DA:3,6
DA:4,6
DA:5,6
DA:8,6
DA:9,6
DA:10,6
DA:11,6
LF:7
LH:7
BRDA:3,0,0,6
BRDA:3,0,1,6
BRDA:8,1,0,6
BRDA:8,1,1,6
BRF:4
BRH:4
end_of_record
TN:
SF:src\models\repositories\class.repo.ts
FN:7,(anonymous_8)
FN:7,(anonymous_9)
FN:11,(anonymous_10)
FN:11,(anonymous_11)
FN:21,(anonymous_12)
FN:24,(anonymous_13)
FN:26,(anonymous_14)
FN:29,(anonymous_15)
FN:53,(anonymous_16)
FN:87,(anonymous_17)
FN:87,(anonymous_18)
FN:91,(anonymous_19)
FN:95,(anonymous_20)
FNF:13
FNH:11
FNDA:2,(anonymous_8)
FNDA:2,(anonymous_9)
FNDA:1,(anonymous_10)
FNDA:1,(anonymous_11)
FNDA:7,(anonymous_12)
FNDA:7,(anonymous_13)
FNDA:8,(anonymous_14)
FNDA:8,(anonymous_15)
FNDA:4,(anonymous_16)
FNDA:1,(anonymous_17)
FNDA:1,(anonymous_18)
FNDA:0,(anonymous_19)
FNDA:0,(anonymous_20)
DA:1,4
DA:5,4
DA:7,4
DA:8,2
DA:11,4
DA:12,1
DA:21,4
DA:24,7
DA:26,8
DA:29,8
DA:32,7
DA:44,7
DA:45,1
DA:49,7
DA:53,7
DA:55,4
DA:57,5
DA:59,5
DA:65,4
DA:77,4
DA:78,3
DA:83,1
DA:87,4
DA:88,1
DA:91,4
DA:95,0
DA:96,0
LF:27
LH:25
BRDA:44,0,0,1
BRDA:59,1,0,4
BRDA:59,2,0,5
BRDA:59,2,1,4
BRDA:65,3,0,4
BRDA:65,3,1,3
BRDA:65,3,2,1
BRDA:65,3,3,1
BRDA:65,3,4,1
BRDA:65,3,5,0
BRDA:77,4,0,3
BRDA:92,5,0,0
BRDA:93,6,0,0
BRDA:94,7,0,0
BRF:14
BRH:10
end_of_record
TN:
SF:src\models\repositories\course.repo.ts
FN:6,(anonymous_8)
FN:6,(anonymous_9)
FN:10,(anonymous_10)
FN:10,(anonymous_11)
FN:14,(anonymous_12)
FN:14,(anonymous_13)
FN:18,(anonymous_14)
FN:18,(anonymous_15)
FN:19,(anonymous_16)
FN:26,(anonymous_17)
FN:26,(anonymous_18)
FN:37,(anonymous_19)
FN:37,(anonymous_20)
FN:45,(anonymous_21)
FN:45,(anonymous_22)
FN:53,(anonymous_23)
FN:53,(anonymous_24)
FN:57,(anonymous_25)
FN:61,(anonymous_26)
FNF:19
FNH:0
FNDA:0,(anonymous_8)
FNDA:0,(anonymous_9)
FNDA:0,(anonymous_10)
FNDA:0,(anonymous_11)
FNDA:0,(anonymous_12)
FNDA:0,(anonymous_13)
FNDA:0,(anonymous_14)
FNDA:0,(anonymous_15)
FNDA:0,(anonymous_16)
FNDA:0,(anonymous_17)
FNDA:0,(anonymous_18)
FNDA:0,(anonymous_19)
FNDA:0,(anonymous_20)
FNDA:0,(anonymous_21)
FNDA:0,(anonymous_22)
FNDA:0,(anonymous_23)
FNDA:0,(anonymous_24)
FNDA:0,(anonymous_25)
FNDA:0,(anonymous_26)
DA:1,3
DA:3,3
DA:4,3
DA:6,3
DA:7,0
DA:10,3
DA:11,0
DA:14,3
DA:15,0
DA:18,3
DA:19,0
DA:20,0
DA:23,0
DA:26,3
DA:27,0
DA:37,3
DA:38,0
DA:45,3
DA:46,0
DA:53,3
DA:54,0
DA:57,3
DA:61,0
DA:62,0
LF:24
LH:12
BRDA:20,0,0,0
BRDA:20,0,1,0
BRDA:58,1,0,0
BRDA:59,2,0,0
BRDA:60,3,0,0
BRF:5
BRH:0
end_of_record
TN:
SF:src\models\repositories\department.repo.ts
FN:4,(anonymous_8)
FN:4,(anonymous_9)
FN:8,(anonymous_10)
FN:8,(anonymous_11)
FN:12,(anonymous_12)
FN:12,(anonymous_13)
FN:16,(anonymous_14)
FN:16,(anonymous_15)
FN:24,(anonymous_16)
FN:24,(anonymous_17)
FNF:10
FNH:8
FNDA:1,(anonymous_8)
FNDA:1,(anonymous_9)
FNDA:1,(anonymous_10)
FNDA:1,(anonymous_11)
FNDA:5,(anonymous_12)
FNDA:5,(anonymous_13)
FNDA:0,(anonymous_14)
FNDA:0,(anonymous_15)
FNDA:1,(anonymous_16)
FNDA:1,(anonymous_17)
DA:2,4
DA:4,4
DA:5,1
DA:8,4
DA:9,1
DA:12,5
DA:13,5
DA:16,4
DA:17,0
DA:24,4
DA:25,1
LF:11
LH:10
BRF:0
BRH:0
end_of_record
TN:
SF:src\models\repositories\enrollment.repo.ts
FN:7,(anonymous_8)
FN:7,(anonymous_9)
FN:15,(anonymous_10)
FN:15,(anonymous_11)
FN:19,(anonymous_12)
FN:19,(anonymous_13)
FN:26,(anonymous_14)
FN:26,(anonymous_15)
FN:40,(anonymous_16)
FN:40,(anonymous_17)
FN:52,(anonymous_18)
FN:63,(anonymous_19)
FN:70,(anonymous_20)
FN:74,(anonymous_21)
FN:95,(anonymous_22)
FN:95,(anonymous_23)
FNF:16
FNH:8
FNDA:1,(anonymous_8)
FNDA:1,(anonymous_9)
FNDA:1,(anonymous_10)
FNDA:1,(anonymous_11)
FNDA:1,(anonymous_12)
FNDA:1,(anonymous_13)
FNDA:1,(anonymous_14)
FNDA:1,(anonymous_15)
FNDA:0,(anonymous_16)
FNDA:0,(anonymous_17)
FNDA:0,(anonymous_18)
FNDA:0,(anonymous_19)
FNDA:0,(anonymous_20)
FNDA:0,(anonymous_21)
FNDA:0,(anonymous_22)
FNDA:0,(anonymous_23)
DA:1,4
DA:2,4
DA:3,4
DA:5,4
DA:7,4
DA:8,1
DA:15,4
DA:16,1
DA:19,4
DA:20,1
DA:26,4
DA:29,1
DA:32,1
DA:37,1
DA:40,4
DA:41,0
DA:50,0
DA:52,0
DA:54,0
DA:55,0
DA:57,0
DA:58,0
DA:63,0
DA:64,0
DA:67,0
DA:70,4
DA:74,0
DA:75,0
DA:85,0
DA:86,0
DA:92,0
DA:95,4
DA:96,0
LF:33
LH:17
BRDA:57,0,0,0
BRDA:57,1,0,0
BRDA:57,1,1,0
BRDA:85,2,0,0
BRF:4
BRH:0
end_of_record
TN:
SF:src\models\repositories\grade.repo.ts
FN:4,(anonymous_8)
FN:4,(anonymous_9)
FN:8,(anonymous_10)
FN:8,(anonymous_11)
FNF:4
FNH:0
FNDA:0,(anonymous_8)
FNDA:0,(anonymous_9)
FNDA:0,(anonymous_10)
FNDA:0,(anonymous_11)
DA:2,2
DA:4,2
DA:5,0
DA:8,2
DA:9,0
LF:5
LH:3
BRF:0
BRH:0
end_of_record
TN:
SF:src\models\repositories\program.repo.ts
FN:4,(anonymous_8)
FN:4,(anonymous_9)
FN:8,(anonymous_10)
FN:8,(anonymous_11)
FN:16,(anonymous_12)
FN:16,(anonymous_13)
FN:20,(anonymous_14)
FN:20,(anonymous_15)
FN:24,(anonymous_16)
FN:24,(anonymous_17)
FNF:10
FNH:0
FNDA:0,(anonymous_8)
FNDA:0,(anonymous_9)
FNDA:0,(anonymous_10)
FNDA:0,(anonymous_11)
FNDA:0,(anonymous_12)
FNDA:0,(anonymous_13)
FNDA:0,(anonymous_14)
FNDA:0,(anonymous_15)
FNDA:0,(anonymous_16)
FNDA:0,(anonymous_17)
DA:2,1
DA:4,1
DA:5,0
DA:8,1
DA:9,0
DA:16,1
DA:17,0
DA:20,1
DA:21,0
DA:24,1
DA:25,0
LF:11
LH:6
BRF:0
BRH:0
end_of_record
TN:
SF:src\models\repositories\student.repo.ts
FN:11,(anonymous_8)
FN:11,(anonymous_9)
FN:15,(anonymous_10)
FN:15,(anonymous_11)
FN:20,(anonymous_12)
FN:20,(anonymous_13)
FN:31,(anonymous_14)
FN:31,(anonymous_15)
FN:35,(anonymous_16)
FN:35,(anonymous_17)
FN:62,(anonymous_18)
FN:62,(anonymous_19)
FN:77,(anonymous_20)
FN:77,(anonymous_21)
FN:86,(anonymous_22)
FN:86,(anonymous_23)
FN:92,(anonymous_24)
FN:92,(anonymous_25)
FN:96,(anonymous_26)
FN:96,(anonymous_27)
FN:100,(anonymous_28)
FN:100,(anonymous_29)
FN:108,(anonymous_30)
FN:108,(anonymous_31)
FN:114,(anonymous_32)
FN:114,(anonymous_33)
FN:118,(anonymous_34)
FN:121,(anonymous_35)
FN:128,(anonymous_36)
FN:128,(anonymous_37)
FN:196,(anonymous_38)
FN:196,(anonymous_39)
FNF:32
FNH:20
FNDA:2,(anonymous_8)
FNDA:2,(anonymous_9)
FNDA:2,(anonymous_10)
FNDA:2,(anonymous_11)
FNDA:2,(anonymous_12)
FNDA:2,(anonymous_13)
FNDA:2,(anonymous_14)
FNDA:2,(anonymous_15)
FNDA:0,(anonymous_16)
FNDA:0,(anonymous_17)
FNDA:0,(anonymous_18)
FNDA:0,(anonymous_19)
FNDA:0,(anonymous_20)
FNDA:0,(anonymous_21)
FNDA:2,(anonymous_22)
FNDA:2,(anonymous_23)
FNDA:1,(anonymous_24)
FNDA:1,(anonymous_25)
FNDA:2,(anonymous_26)
FNDA:2,(anonymous_27)
FNDA:1,(anonymous_28)
FNDA:1,(anonymous_29)
FNDA:1,(anonymous_30)
FNDA:1,(anonymous_31)
FNDA:0,(anonymous_32)
FNDA:0,(anonymous_33)
FNDA:0,(anonymous_34)
FNDA:0,(anonymous_35)
FNDA:1,(anonymous_36)
FNDA:1,(anonymous_37)
FNDA:0,(anonymous_38)
FNDA:0,(anonymous_39)
DA:1,5
DA:4,5
DA:5,5
DA:7,5
DA:11,5
DA:12,2
DA:15,5
DA:16,2
DA:17,1
DA:20,5
DA:21,2
DA:31,5
DA:32,2
DA:35,5
DA:36,0
DA:38,0
DA:43,0
DA:59,0
DA:62,5
DA:63,0
DA:77,5
DA:78,0
DA:86,5
DA:87,2
DA:92,5
DA:93,1
DA:96,5
DA:97,2
DA:100,5
DA:101,1
DA:108,5
DA:109,1
DA:114,5
DA:115,0
DA:118,5
DA:121,0
DA:122,0
DA:128,5
DA:130,1
DA:132,1
DA:196,5
DA:197,0
LF:42
LH:32
BRDA:36,0,0,0
BRDA:36,1,0,0
BRDA:36,2,0,0
BRDA:62,3,0,0
BRDA:62,4,0,0
BRDA:62,5,0,0
BRF:6
BRH:0
end_of_record
TN:
SF:src\responses\error.responses.ts
FN:36,(anonymous_0)
FN:47,(anonymous_1)
FN:56,(anonymous_2)
FN:65,(anonymous_3)
FN:74,(anonymous_4)
FN:83,(anonymous_5)
FNF:6
FNH:3
FNDA:66,(anonymous_0)
FNDA:0,(anonymous_1)
FNDA:41,(anonymous_2)
FNDA:0,(anonymous_3)
FNDA:25,(anonymous_4)
FNDA:0,(anonymous_5)
DA:17,8
DA:25,8
DA:33,8
DA:37,66
DA:38,66
DA:41,66
DA:42,66
DA:46,8
DA:51,0
DA:55,8
DA:60,41
DA:64,8
DA:69,0
DA:73,8
DA:78,25
DA:82,8
DA:87,0
LF:17
LH:14
BRDA:48,0,0,0
BRDA:49,1,0,0
BRDA:57,2,0,0
BRDA:58,3,0,41
BRDA:66,4,0,0
BRDA:67,5,0,0
BRDA:75,6,0,0
BRDA:76,7,0,25
BRDA:84,8,0,0
BRDA:85,9,0,0
BRF:10
BRH:2
end_of_record
TN:
SF:src\services\class.service.ts
FN:10,(anonymous_7)
FN:94,(anonymous_9)
FNF:2
FNH:2
FNDA:9,(anonymous_7)
FNDA:6,(anonymous_9)
DA:1,1
DA:3,1
DA:4,1
DA:5,1
DA:7,1
DA:12,9
DA:13,9
DA:14,1
DA:18,8
DA:19,8
DA:20,1
DA:23,7
DA:24,1
DA:28,6
DA:29,1
DA:33,5
DA:34,8
DA:37,8
DA:38,1
DA:44,7
DA:45,4
DA:46,4
DA:48,1
DA:53,1
DA:54,1
DA:63,3
DA:64,3
DA:66,2
DA:67,2
DA:68,2
DA:69,2
DA:73,2
DA:78,2
DA:79,2
DA:90,1
DA:91,1
DA:102,6
DA:103,6
DA:106,6
DA:109,6
DA:111,2
DA:112,1
DA:114,1
DA:119,5
DA:120,1
DA:124,5
DA:125,1
DA:127,1
DA:128,0
DA:130,1
DA:134,5
DA:138,1
LF:52
LH:51
BRDA:13,0,0,1
BRDA:19,1,0,1
BRDA:23,2,0,1
BRDA:28,3,0,1
BRDA:28,4,0,6
BRDA:28,4,1,6
BRDA:37,5,0,1
BRDA:46,6,0,1
BRDA:48,7,0,1
BRDA:48,7,1,1
BRDA:48,7,2,1
BRDA:48,7,3,1
BRDA:48,7,4,0
BRDA:48,7,5,0
BRDA:53,8,0,1
BRDA:64,9,0,2
BRDA:64,10,0,3
BRDA:64,10,1,3
BRDA:69,11,0,2
BRDA:69,12,0,2
BRDA:69,12,1,2
BRDA:73,13,0,2
BRDA:73,13,1,2
BRDA:73,13,2,2
BRDA:73,13,3,2
BRDA:73,13,4,0
BRDA:73,13,5,0
BRDA:78,14,0,2
BRDA:102,15,0,1
BRDA:102,15,1,5
BRDA:103,16,0,1
BRDA:103,16,1,5
BRDA:109,17,0,2
BRDA:111,18,0,1
BRDA:111,18,1,1
BRDA:119,19,0,1
BRDA:124,20,0,1
BRDA:127,21,0,0
BRDA:127,22,0,1
BRDA:127,22,1,1
BRF:40
BRH:35
end_of_record
TN:
SF:src\services\course.service.ts
FN:12,(anonymous_7)
FN:31,(anonymous_9)
FN:32,(anonymous_10)
FN:46,(anonymous_11)
FN:73,(anonymous_13)
FN:102,(anonymous_15)
FNF:6
FNH:6
FNDA:5,(anonymous_7)
FNDA:1,(anonymous_9)
FNDA:2,(anonymous_10)
FNDA:3,(anonymous_11)
FNDA:3,(anonymous_13)
FNDA:4,(anonymous_15)
DA:1,1
DA:4,1
DA:5,1
DA:6,1
DA:7,1
DA:8,1
DA:9,1
DA:14,5
DA:15,5
DA:16,1
DA:20,4
DA:21,4
DA:22,1
DA:26,3
DA:27,1
DA:29,1
DA:31,1
DA:32,1
DA:33,2
DA:36,1
DA:42,2
DA:43,1
DA:47,3
DA:48,3
DA:49,1
DA:53,2
DA:54,2
DA:55,1
DA:56,1
DA:57,1
DA:58,1
DA:59,1
DA:60,1
DA:64,1
DA:65,1
DA:69,1
DA:70,1
DA:74,3
DA:75,3
DA:76,0
DA:80,3
DA:81,3
DA:82,3
DA:84,3
DA:85,1
DA:92,2
DA:93,2
DA:94,1
DA:95,1
DA:98,1
DA:99,1
DA:108,4
DA:109,4
DA:112,4
DA:115,4
DA:117,2
DA:118,1
DA:120,1
DA:125,3
DA:129,1
LF:60
LH:59
BRDA:15,0,0,1
BRDA:21,1,0,1
BRDA:26,2,0,1
BRDA:26,3,0,3
BRDA:26,3,1,3
BRDA:29,4,0,1
BRDA:48,5,0,1
BRDA:54,6,0,1
BRDA:54,7,0,2
BRDA:54,7,1,1
BRDA:58,8,0,1
BRDA:64,9,0,1
BRDA:75,10,0,0
BRDA:84,11,0,1
BRDA:93,12,0,1
BRDA:108,13,0,1
BRDA:108,13,1,3
BRDA:109,14,0,1
BRDA:109,14,1,3
BRDA:115,15,0,2
BRDA:117,16,0,1
BRDA:117,16,1,1
BRF:22
BRH:21
end_of_record
TN:
SF:src\services\department.service.ts
FN:5,(anonymous_7)
FN:14,(anonymous_9)
FN:28,(anonymous_11)
FNF:3
FNH:3
FNDA:2,(anonymous_7)
FNDA:3,(anonymous_9)
FNDA:1,(anonymous_11)
DA:1,1
DA:2,1
DA:6,2
DA:7,2
DA:8,1
DA:11,1
DA:15,3
DA:16,3
DA:17,1
DA:20,2
DA:21,2
DA:22,1
DA:25,1
DA:29,1
DA:33,1
LF:15
LH:15
BRDA:7,0,0,1
BRDA:16,1,0,1
BRDA:21,2,0,1
BRF:3
BRH:3
end_of_record
TN:
SF:src\services\enrollment.service.ts
FN:11,(anonymous_7)
FN:64,(anonymous_9)
FN:68,(anonymous_10)
FN:74,(anonymous_11)
FN:95,(anonymous_12)
FN:147,(anonymous_14)
FNF:6
FNH:6
FNDA:9,(anonymous_7)
FNDA:2,(anonymous_9)
FNDA:3,(anonymous_10)
FNDA:1,(anonymous_11)
FNDA:3,(anonymous_12)
FNDA:2,(anonymous_14)
DA:1,1
DA:2,1
DA:4,1
DA:5,1
DA:6,1
DA:7,1
DA:8,1
DA:12,9
DA:15,9
DA:16,9
DA:17,1
DA:21,8
DA:22,8
DA:23,1
DA:27,7
DA:28,1
DA:32,6
DA:33,1
DA:37,5
DA:41,5
DA:42,1
DA:45,4
DA:46,4
DA:47,1
DA:50,3
DA:51,1
DA:55,2
DA:59,2
DA:62,2
DA:64,2
DA:67,2
DA:68,3
DA:71,2
DA:73,1
DA:74,1
DA:76,1
DA:83,1
DA:88,1
DA:89,0
DA:92,1
DA:97,3
DA:98,3
DA:99,1
DA:103,2
DA:104,2
DA:105,1
DA:109,1
DA:113,1
DA:114,1
DA:119,0
DA:124,0
DA:125,0
DA:128,0
DA:129,0
DA:130,0
DA:131,0
DA:134,0
DA:140,0
DA:141,0
DA:144,0
DA:149,2
DA:150,2
DA:151,1
DA:154,1
DA:155,1
DA:156,0
DA:159,1
DA:163,1
LF:68
LH:55
BRDA:16,0,0,1
BRDA:22,1,0,1
BRDA:27,2,0,1
BRDA:32,3,0,1
BRDA:41,4,0,1
BRDA:46,5,0,1
BRDA:50,6,0,1
BRDA:59,7,0,2
BRDA:59,7,1,0
BRDA:62,8,0,2
BRDA:71,9,0,1
BRDA:88,10,0,0
BRDA:98,11,0,1
BRDA:104,12,0,1
BRDA:113,13,0,1
BRDA:124,14,0,0
BRDA:130,15,0,0
BRDA:140,16,0,0
BRDA:150,17,0,1
BRDA:155,18,0,0
BRDA:155,19,0,1
BRDA:155,19,1,1
BRF:22
BRH:16
end_of_record
TN:
SF:src\services\grade.service.ts
FN:10,(anonymous_7)
FN:59,(anonymous_9)
FNF:2
FNH:2
FNDA:6,(anonymous_7)
FNDA:3,(anonymous_9)
DA:2,1
DA:3,1
DA:4,1
DA:5,1
DA:6,1
DA:7,1
DA:11,6
DA:13,6
DA:14,6
DA:15,1
DA:18,5
DA:19,5
DA:20,1
DA:23,4
DA:27,4
DA:28,1
DA:33,3
DA:35,3
DA:36,3
DA:37,1
DA:40,2
DA:41,2
DA:43,2
DA:44,1
DA:47,1
DA:59,3
DA:64,1
DA:65,1
DA:66,1
DA:69,1
DA:78,1
DA:82,1
LF:32
LH:32
BRDA:14,0,0,1
BRDA:19,1,0,1
BRDA:27,2,0,1
BRDA:36,3,0,1
BRDA:43,4,0,1
BRDA:43,5,0,2
BRDA:43,5,1,2
BRDA:64,6,0,1
BRF:8
BRH:8
end_of_record
TN:
SF:src\services\logger.service.ts
FN:8,(anonymous_1)
FN:13,(anonymous_2)
FN:20,(anonymous_3)
FN:28,(anonymous_4)
FN:33,(anonymous_5)
FN:49,(anonymous_6)
FN:71,(anonymous_7)
FN:79,(anonymous_8)
FN:92,(anonymous_9)
FN:96,(anonymous_10)
FN:100,(anonymous_11)
FN:104,(anonymous_12)
FNF:12
FNH:11
FNDA:10,(anonymous_1)
FNDA:10,(anonymous_2)
FNDA:20,(anonymous_3)
FNDA:17,(anonymous_4)
FNDA:17,(anonymous_5)
FNDA:17,(anonymous_6)
FNDA:0,(anonymous_7)
FNDA:12,(anonymous_8)
FNDA:13,(anonymous_9)
FNDA:2,(anonymous_10)
FNDA:1,(anonymous_11)
FNDA:2,(anonymous_12)
DA:1,10
DA:2,10
DA:3,10
DA:9,10
DA:10,10
DA:14,10
DA:15,1
DA:19,10
DA:20,10
DA:21,20
DA:22,20
DA:23,2
DA:29,17
DA:30,17
DA:34,17
DA:35,17
DA:37,17
DA:38,14
DA:39,14
DA:40,14
DA:42,0
DA:46,17
DA:50,17
DA:51,17
DA:52,17
DA:55,17
DA:56,17
DA:63,17
DA:64,2
DA:66,2
DA:68,1
DA:71,1
DA:72,0
DA:73,0
DA:79,15
DA:80,12
DA:81,0
DA:87,0
DA:93,13
DA:97,2
DA:101,1
DA:105,2
DA:106,1
DA:111,10
LF:44
LH:39
BRDA:14,0,0,1
BRDA:22,1,0,2
BRDA:37,2,0,14
BRDA:55,3,0,17
BRDA:63,4,0,2
BRDA:63,4,1,15
BRDA:72,5,0,0
BRDA:80,6,0,0
BRDA:105,7,0,1
BRF:9
BRH:7
end_of_record
TN:
SF:src\services\student.service.ts
FN:27,(anonymous_7)
FN:73,(anonymous_9)
FN:148,(anonymous_11)
FN:157,(anonymous_13)
FN:175,(anonymous_15)
FN:184,(anonymous_17)
FN:188,(anonymous_19)
FN:197,(anonymous_21)
FN:211,(anonymous_23)
FN:215,(anonymous_25)
FN:219,(anonymous_27)
FN:242,(anonymous_29)
FN:246,(anonymous_31)
FNF:13
FNH:2
FNDA:0,(anonymous_7)
FNDA:15,(anonymous_9)
FNDA:0,(anonymous_11)
FNDA:0,(anonymous_13)
FNDA:0,(anonymous_15)
FNDA:0,(anonymous_17)
FNDA:1,(anonymous_19)
FNDA:0,(anonymous_21)
FNDA:0,(anonymous_23)
FNDA:0,(anonymous_25)
FNDA:0,(anonymous_27)
FNDA:0,(anonymous_29)
FNDA:0,(anonymous_31)
DA:1,2
DA:19,2
DA:23,2
DA:24,2
DA:29,0
DA:38,0
DA:39,0
DA:40,0
DA:42,0
DA:43,0
DA:45,0
DA:46,0
DA:48,0
DA:49,0
DA:53,0
DA:54,0
DA:55,0
DA:58,0
DA:59,0
DA:60,0
DA:63,0
DA:64,0
DA:65,0
DA:69,0
DA:70,0
DA:74,15
DA:75,15
DA:76,1
DA:80,14
DA:81,3
DA:82,3
DA:83,3
DA:84,3
DA:85,1
DA:90,13
DA:91,3
DA:92,3
DA:93,1
DA:98,12
DA:99,1
DA:100,1
DA:101,1
DA:106,11
DA:107,2
DA:110,2
DA:111,1
DA:116,10
DA:117,2
DA:118,2
DA:119,1
DA:124,9
DA:125,1
DA:126,1
DA:127,1
DA:132,8
DA:133,1
DA:134,1
DA:135,1
DA:140,7
DA:141,6
DA:142,0
DA:145,6
DA:149,0
DA:150,0
DA:151,0
DA:154,0
DA:159,0
DA:160,0
DA:164,0
DA:172,0
DA:176,0
DA:177,0
DA:178,0
DA:181,0
DA:185,0
DA:189,1
DA:190,1
DA:191,1
DA:194,0
DA:198,0
DA:199,0
DA:200,0
DA:203,0
DA:204,0
DA:205,0
DA:208,0
DA:212,0
DA:216,0
DA:220,0
DA:221,0
DA:222,0
DA:225,0
DA:226,0
DA:227,0
DA:230,0
DA:231,0
DA:234,0
DA:235,0
DA:236,0
DA:239,0
DA:243,0
DA:247,0
DA:248,0
DA:249,0
DA:251,0
DA:255,2
LF:106
LH:44
BRDA:38,0,0,0
BRDA:39,1,0,0
BRDA:42,2,0,0
BRDA:45,3,0,0
BRDA:48,4,0,0
BRDA:54,5,0,0
BRDA:59,6,0,0
BRDA:64,7,0,0
BRDA:75,8,0,1
BRDA:80,9,0,3
BRDA:80,10,0,14
BRDA:80,10,1,3
BRDA:84,11,0,1
BRDA:90,12,0,3
BRDA:92,13,0,1
BRDA:92,14,0,3
BRDA:92,14,1,3
BRDA:98,15,0,1
BRDA:100,16,0,1
BRDA:100,17,0,1
BRDA:100,17,1,1
BRDA:106,18,0,2
BRDA:106,19,0,8
BRDA:106,19,1,3
BRDA:106,20,0,11
BRDA:106,20,1,11
BRDA:110,21,0,1
BRDA:110,22,0,2
BRDA:110,22,1,1
BRDA:116,23,0,2
BRDA:118,24,0,1
BRDA:124,25,0,1
BRDA:126,26,0,1
BRDA:132,27,0,1
BRDA:134,28,0,1
BRDA:141,29,0,0
BRDA:150,30,0,0
BRDA:159,31,0,0
BRDA:159,32,0,0
BRDA:159,32,1,0
BRDA:165,33,0,0
BRDA:165,33,1,0
BRDA:167,34,0,0
BRDA:167,34,1,0
BRDA:168,35,0,0
BRDA:168,35,1,0
BRDA:169,36,0,0
BRDA:169,36,1,0
BRDA:177,37,0,0
BRDA:190,38,0,1
BRDA:199,39,0,0
BRDA:204,40,0,0
BRDA:221,41,0,0
BRDA:226,42,0,0
BRDA:230,43,0,0
BRDA:235,44,0,0
BRDA:248,45,0,0
BRF:57
BRH:28
end_of_record
TN:
SF:src\services\transcript.service.ts
FN:10,(anonymous_7)
FN:17,(anonymous_9)
FN:30,(anonymous_10)
FN:47,(anonymous_12)
FN:55,(anonymous_13)
FN:67,(anonymous_14)
FN:67,(anonymous_15)
FN:88,(anonymous_16)
FN:91,(anonymous_17)
FN:101,(anonymous_19)
FNF:10
FNH:10
FNDA:4,(anonymous_7)
FNDA:6,(anonymous_9)
FNDA:3,(anonymous_10)
FNDA:4,(anonymous_12)
FNDA:2,(anonymous_13)
FNDA:2,(anonymous_14)
FNDA:2,(anonymous_15)
FNDA:2,(anonymous_16)
FNDA:4,(anonymous_17)
FNDA:1,(anonymous_19)
DA:1,1
DA:2,1
DA:3,1
DA:4,1
DA:5,1
DA:6,1
DA:11,4
DA:12,4
DA:13,1
DA:17,3
DA:18,6
DA:21,3
DA:31,3
DA:32,3
DA:33,0
DA:37,3
DA:38,3
DA:40,3
DA:41,1
DA:42,1
DA:45,2
DA:47,2
DA:49,4
DA:50,4
DA:52,0
DA:55,2
DA:56,2
DA:57,2
DA:58,2
DA:61,2
DA:65,2
DA:67,2
DA:68,2
DA:69,2
DA:70,1
DA:73,1
DA:75,1
DA:76,0
DA:79,1
DA:88,2
DA:92,4
DA:93,3
DA:96,3
DA:97,3
DA:98,3
DA:101,3
DA:103,1
DA:105,1
DA:106,1
DA:107,1
DA:108,1
DA:112,3
DA:115,3
DA:118,3
DA:130,1
LF:55
LH:52
BRDA:12,0,0,1
BRDA:18,1,0,6
BRDA:18,1,1,0
BRDA:18,2,0,6
BRDA:18,2,1,6
BRDA:18,2,2,6
BRDA:32,3,0,0
BRDA:40,4,0,1
BRDA:49,5,0,4
BRDA:49,6,0,4
BRDA:49,6,1,4
BRDA:49,6,2,4
BRDA:58,7,0,2
BRDA:58,8,0,2
BRDA:58,8,1,0
BRDA:69,9,0,1
BRDA:75,10,0,0
BRDA:103,11,0,0
BRDA:103,12,0,1
BRDA:103,12,1,1
BRDA:112,13,0,1
BRDA:112,13,1,2
BRDA:115,14,0,1
BRDA:115,14,1,2
BRF:24
BRH:19
end_of_record
TN:
SF:src\utils\index.ts
FN:34,(anonymous_7)
FN:37,(anonymous_8)
FN:52,(anonymous_9)
FN:78,(anonymous_10)
FN:94,(anonymous_11)
FNF:5
FNH:4
FNDA:2,(anonymous_7)
FNDA:2,(anonymous_8)
FNDA:0,(anonymous_9)
FNDA:4,(anonymous_10)
FNDA:22,(anonymous_11)
DA:34,16
DA:37,2
DA:38,2
DA:41,2
DA:44,2
DA:51,2
DA:52,0
DA:53,0
DA:58,2
DA:63,2
DA:65,2
DA:78,16
DA:79,4
DA:81,4
DA:82,5
DA:84,5
DA:85,2
DA:87,3
DA:91,4
DA:94,16
DA:95,22
DA:96,21
LF:22
LH:20
BRDA:41,0,0,2
BRDA:41,0,1,0
BRDA:48,1,0,2
BRDA:48,1,1,1
BRDA:51,2,0,0
BRDA:51,3,0,2
BRDA:51,3,1,1
BRDA:78,4,0,2
BRDA:82,5,0,3
BRDA:82,5,1,2
BRDA:84,6,0,2
BRDA:84,6,1,3
BRDA:84,7,0,5
BRDA:84,7,1,5
BRDA:84,7,2,2
BRDA:95,8,0,1
BRF:16
BRH:14
end_of_record
