TN:
SF:src\responses\error.responses.ts
FN:36,(anonymous_0)
FN:47,(anonymous_1)
FN:56,(anonymous_2)
FN:65,(anonymous_3)
FN:74,(anonymous_4)
FN:83,(anonymous_5)
FNF:6
FNH:3
FNDA:24,(anonymous_0)
FNDA:0,(anonymous_1)
FNDA:10,(anonymous_2)
FNDA:0,(anonymous_3)
FNDA:14,(anonymous_4)
FNDA:0,(anonymous_5)
DA:17,1
DA:25,1
DA:33,1
DA:37,24
DA:38,24
DA:41,24
DA:42,24
DA:46,1
DA:51,0
DA:55,1
DA:60,10
DA:64,1
DA:69,0
DA:73,1
DA:78,14
DA:82,1
DA:87,0
LF:17
LH:14
BRDA:48,0,0,0
BRDA:49,1,0,0
BRDA:57,2,0,0
BRDA:58,3,0,10
BRDA:66,4,0,0
BRDA:67,5,0,0
BRDA:75,6,0,0
BRDA:76,7,0,14
BRDA:84,8,0,0
BRDA:85,9,0,0
BRF:10
BRH:2
end_of_record
TN:
SF:src\services\enrollment.service.ts
FN:11,(anonymous_7)
FN:64,(anonymous_9)
FN:68,(anonymous_10)
FN:74,(anonymous_11)
FN:95,(anonymous_12)
FN:147,(anonymous_14)
FNF:6
FNH:6
FNDA:9,(anonymous_7)
FNDA:2,(anonymous_9)
FNDA:3,(anonymous_10)
FNDA:1,(anonymous_11)
FNDA:3,(anonymous_12)
FNDA:2,(anonymous_14)
DA:1,1
DA:2,1
DA:4,1
DA:5,1
DA:6,1
DA:7,1
DA:8,1
DA:12,9
DA:15,9
DA:16,9
DA:17,1
DA:21,8
DA:22,8
DA:23,1
DA:27,7
DA:28,1
DA:32,6
DA:33,1
DA:37,5
DA:41,5
DA:42,1
DA:45,4
DA:46,4
DA:47,1
DA:50,3
DA:51,1
DA:55,2
DA:59,2
DA:62,2
DA:64,2
DA:67,2
DA:68,3
DA:71,2
DA:73,1
DA:74,1
DA:76,1
DA:83,1
DA:88,1
DA:89,0
DA:92,1
DA:97,3
DA:98,3
DA:99,1
DA:103,2
DA:104,2
DA:105,1
DA:109,1
DA:113,1
DA:114,1
DA:119,0
DA:124,0
DA:125,0
DA:128,0
DA:129,0
DA:130,0
DA:131,0
DA:134,0
DA:140,0
DA:141,0
DA:144,0
DA:149,2
DA:150,2
DA:151,1
DA:154,1
DA:155,1
DA:156,0
DA:159,1
DA:163,1
LF:68
LH:55
BRDA:16,0,0,1
BRDA:22,1,0,1
BRDA:27,2,0,1
BRDA:32,3,0,1
BRDA:41,4,0,1
BRDA:46,5,0,1
BRDA:50,6,0,1
BRDA:59,7,0,2
BRDA:59,7,1,0
BRDA:62,8,0,2
BRDA:71,9,0,1
BRDA:88,10,0,0
BRDA:98,11,0,1
BRDA:104,12,0,1
BRDA:113,13,0,1
BRDA:124,14,0,0
BRDA:130,15,0,0
BRDA:140,16,0,0
BRDA:150,17,0,1
BRDA:155,18,0,0
BRDA:155,19,0,1
BRDA:155,19,1,1
BRF:22
BRH:16
end_of_record
